Flow report for RXTXUART
Mon Sep 12 02:20:39 2022
Quartus Prime Version 18.1.0 Build 625 09/12/2018 SJ Lite Edition


---------------------
; Table of Contents ;
---------------------
  1. Legal Notice
  2. Flow Summary
  3. Flow Settings
  4. Flow Non-Default Global Settings
  5. Flow Elapsed Time
  6. Flow OS Summary
  7. Flow Log
  8. Flow Messages
  9. Flow Suppressed Messages



----------------
; Legal Notice ;
----------------
Copyright (C) 2018  Intel Corporation. All rights reserved.
Your use of Intel Corporation's design tools, logic functions 
and other software and tools, and its AMPP partner logic 
functions, and any output files from any of the foregoing 
(including device programming or simulation files), and any 
associated documentation or information are expressly subject 
to the terms and conditions of the Intel Program License 
Subscription Agreement, the Intel Quartus Prime License Agreement,
the Intel FPGA IP License Agreement, or other applicable license
agreement, including, without limitation, that your use is for
the sole purpose of programming logic devices manufactured by
Intel and sold by Intel or its authorized distributors.  Please
refer to the applicable agreement for further details.



+----------------------------------------------------------------------------------+
; Flow Summary                                                                     ;
+------------------------------------+---------------------------------------------+
; Flow Status                        ; Successful - Mon Sep 12 02:20:39 2022       ;
; Quartus Prime Version              ; 18.1.0 Build 625 09/12/2018 SJ Lite Edition ;
; Revision Name                      ; RXTXUART                                    ;
; Top-level Entity Name              ; PairRXTX                                    ;
; Family                             ; MAX 10                                      ;
; Device                             ; 10M50DAF484C7G                              ;
; Timing Models                      ; Final                                       ;
; Total logic elements               ; 259 / 49,760 ( < 1 % )                      ;
;     Total combinational functions  ; 246 / 49,760 ( < 1 % )                      ;
;     Dedicated logic registers      ; 150 / 49,760 ( < 1 % )                      ;
; Total registers                    ; 150                                         ;
; Total pins                         ; 26 / 360 ( 7 % )                            ;
; Total virtual pins                 ; 0                                           ;
; Total memory bits                  ; 0 / 1,677,312 ( 0 % )                       ;
; Embedded Multiplier 9-bit elements ; 0 / 288 ( 0 % )                             ;
; Total PLLs                         ; 0 / 4 ( 0 % )                               ;
; UFM blocks                         ; 0 / 1 ( 0 % )                               ;
; ADC blocks                         ; 0 / 2 ( 0 % )                               ;
+------------------------------------+---------------------------------------------+


+-----------------------------------------+
; Flow Settings                           ;
+-------------------+---------------------+
; Option            ; Setting             ;
+-------------------+---------------------+
; Start date & time ; 09/12/2022 02:12:57 ;
; Main task         ; Compilation         ;
; Revision Name     ; RXTXUART            ;
+-------------------+---------------------+


+-----------------------------------------------------------------------------------------------------------------------------+
; Flow Non-Default Global Settings                                                                                            ;
+-------------------------------------+----------------------------------------+---------------+-------------+----------------+
; Assignment Name                     ; Value                                  ; Default Value ; Entity Name ; Section Id     ;
+-------------------------------------+----------------------------------------+---------------+-------------+----------------+
; COMPILER_SIGNATURE_ID               ; 963358434090.166296677711080           ; --            ; --          ; --             ;
; EDA_OUTPUT_DATA_FORMAT              ; Verilog Hdl                            ; --            ; --          ; eda_simulation ;
; EDA_SIMULATION_TOOL                 ; ModelSim-Altera (Verilog)              ; <None>        ; --          ; --             ;
; EDA_TIME_SCALE                      ; 1 ps                                   ; --            ; --          ; eda_simulation ;
; MAX_CORE_JUNCTION_TEMP              ; 85                                     ; --            ; --          ; --             ;
; MIN_CORE_JUNCTION_TEMP              ; 0                                      ; --            ; --          ; --             ;
; PARTITION_COLOR                     ; -- (Not supported for targeted family) ; --            ; PairRXTX    ; Top            ;
; PARTITION_FITTER_PRESERVATION_LEVEL ; -- (Not supported for targeted family) ; --            ; PairRXTX    ; Top            ;
; PARTITION_NETLIST_TYPE              ; -- (Not supported for targeted family) ; --            ; PairRXTX    ; Top            ;
; PROJECT_OUTPUT_DIRECTORY            ; output_files                           ; --            ; --          ; --             ;
; TOP_LEVEL_ENTITY                    ; PairRXTX                               ; RXTXUART      ; --          ; --             ;
+-------------------------------------+----------------------------------------+---------------+-------------+----------------+


+--------------------------------------------------------------------------------------------------------------------------+
; Flow Elapsed Time                                                                                                        ;
+----------------------+--------------+-------------------------+---------------------+------------------------------------+
; Module Name          ; Elapsed Time ; Average Processors Used ; Peak Virtual Memory ; Total CPU Time (on all processors) ;
+----------------------+--------------+-------------------------+---------------------+------------------------------------+
; Analysis & Synthesis ; 00:00:09     ; 1.0                     ; 4838 MB             ; 00:00:18                           ;
; Fitter               ; 00:00:10     ; 1.1                     ; 6603 MB             ; 00:00:18                           ;
; Assembler            ; 00:00:02     ; 1.0                     ; 4677 MB             ; 00:00:02                           ;
; Timing Analyzer      ; 00:00:02     ; 1.3                     ; 4965 MB             ; 00:00:02                           ;
; EDA Netlist Writer   ; 00:00:01     ; 1.0                     ; 4643 MB             ; 00:00:01                           ;
; EDA Netlist Writer   ; 00:00:00     ; 1.0                     ; 4626 MB             ; 00:00:01                           ;
; EDA Netlist Writer   ; 00:00:00     ; 1.0                     ; 4635 MB             ; 00:00:01                           ;
; EDA Netlist Writer   ; 00:00:00     ; 1.0                     ; 4626 MB             ; 00:00:01                           ;
; EDA Netlist Writer   ; 00:00:00     ; 1.0                     ; 4635 MB             ; 00:00:01                           ;
; EDA Netlist Writer   ; 00:00:00     ; 1.0                     ; 4626 MB             ; 00:00:01                           ;
; EDA Netlist Writer   ; 00:00:00     ; 1.0                     ; 4635 MB             ; 00:00:01                           ;
; EDA Netlist Writer   ; 00:00:01     ; 1.0                     ; 4626 MB             ; 00:00:01                           ;
; EDA Netlist Writer   ; 00:00:01     ; 1.0                     ; 4635 MB             ; 00:00:01                           ;
; EDA Netlist Writer   ; 00:00:00     ; 1.0                     ; 4626 MB             ; 00:00:01                           ;
; EDA Netlist Writer   ; 00:00:01     ; 1.0                     ; 4635 MB             ; 00:00:01                           ;
; Total                ; 00:00:27     ; --                      ; --                  ; 00:00:51                           ;
+----------------------+--------------+-------------------------+---------------------+------------------------------------+


+------------------------------------------------------------------------------------+
; Flow OS Summary                                                                    ;
+----------------------+------------------+------------+------------+----------------+
; Module Name          ; Machine Hostname ; OS Name    ; OS Version ; Processor type ;
+----------------------+------------------+------------+------------+----------------+
; Analysis & Synthesis ; LAPTOP-B14JAVON  ; Windows 10 ; 10.0       ; x86_64         ;
; Fitter               ; LAPTOP-B14JAVON  ; Windows 10 ; 10.0       ; x86_64         ;
; Assembler            ; LAPTOP-B14JAVON  ; Windows 10 ; 10.0       ; x86_64         ;
; Timing Analyzer      ; LAPTOP-B14JAVON  ; Windows 10 ; 10.0       ; x86_64         ;
; EDA Netlist Writer   ; LAPTOP-B14JAVON  ; Windows 10 ; 10.0       ; x86_64         ;
; EDA Netlist Writer   ; LAPTOP-B14JAVON  ; Windows 10 ; 10.0       ; x86_64         ;
; EDA Netlist Writer   ; LAPTOP-B14JAVON  ; Windows 10 ; 10.0       ; x86_64         ;
; EDA Netlist Writer   ; LAPTOP-B14JAVON  ; Windows 10 ; 10.0       ; x86_64         ;
; EDA Netlist Writer   ; LAPTOP-B14JAVON  ; Windows 10 ; 10.0       ; x86_64         ;
; EDA Netlist Writer   ; LAPTOP-B14JAVON  ; Windows 10 ; 10.0       ; x86_64         ;
; EDA Netlist Writer   ; LAPTOP-B14JAVON  ; Windows 10 ; 10.0       ; x86_64         ;
; EDA Netlist Writer   ; LAPTOP-B14JAVON  ; Windows 10 ; 10.0       ; x86_64         ;
; EDA Netlist Writer   ; LAPTOP-B14JAVON  ; Windows 10 ; 10.0       ; x86_64         ;
; EDA Netlist Writer   ; LAPTOP-B14JAVON  ; Windows 10 ; 10.0       ; x86_64         ;
; EDA Netlist Writer   ; LAPTOP-B14JAVON  ; Windows 10 ; 10.0       ; x86_64         ;
+----------------------+------------------+------------+------------+----------------+


------------
; Flow Log ;
------------
quartus_map --read_settings_files=on --write_settings_files=off RXTXUART -c RXTXUART
quartus_fit --read_settings_files=off --write_settings_files=off RXTXUART -c RXTXUART
quartus_asm --read_settings_files=off --write_settings_files=off RXTXUART -c RXTXUART
quartus_sta RXTXUART -c RXTXUART
quartus_eda --read_settings_files=off --write_settings_files=off RXTXUART -c RXTXUART
quartus_eda --gen_testbench --tool=modelsim_oem --format=verilog --write_settings_files=off RXTXUART -c RXTXUART --vector_source="C:/Users/memof/OneDrive/Profe II/9n0/Interfaces de Computadora/Computer-Interfaces/UART/FullUART/Waveform1.vwf" --testbench_file="C:/Users/memof/OneDrive/Profe II/9n0/Interfaces de Computadora/Computer-Interfaces/UART/FullUART/simulation/qsim/Waveform1.vwf.vt"
quartus_eda --write_settings_files=off --simulation=on --functional=on --flatten_buses=off --tool=modelsim_oem --format=verilog --output_directory="C:/Users/memof/OneDrive/Profe II/9n0/Interfaces de Computadora/Computer-Interfaces/UART/FullUART/simulation/qsim/" RXTXUART -c RXTXUART
quartus_eda --gen_testbench --tool=modelsim_oem --format=verilog --write_settings_files=off RXTXUART -c RXTXUART --vector_source="C:/Users/memof/OneDrive/Profe II/9n0/Interfaces de Computadora/Computer-Interfaces/UART/FullUART/Waveform1.vwf" --testbench_file="C:/Users/memof/OneDrive/Profe II/9n0/Interfaces de Computadora/Computer-Interfaces/UART/FullUART/simulation/qsim/Waveform1.vwf.vt"
quartus_eda --write_settings_files=off --simulation=on --functional=on --flatten_buses=off --tool=modelsim_oem --format=verilog --output_directory="C:/Users/memof/OneDrive/Profe II/9n0/Interfaces de Computadora/Computer-Interfaces/UART/FullUART/simulation/qsim/" RXTXUART -c RXTXUART
quartus_eda --gen_testbench --tool=modelsim_oem --format=verilog --write_settings_files=off RXTXUART -c RXTXUART --vector_source="C:/Users/memof/OneDrive/Profe II/9n0/Interfaces de Computadora/Computer-Interfaces/UART/FullUART/Waveform1.vwf" --testbench_file="C:/Users/memof/OneDrive/Profe II/9n0/Interfaces de Computadora/Computer-Interfaces/UART/FullUART/simulation/qsim/Waveform1.vwf.vt"
quartus_eda --write_settings_files=off --simulation=on --functional=on --flatten_buses=off --tool=modelsim_oem --format=verilog --output_directory="C:/Users/memof/OneDrive/Profe II/9n0/Interfaces de Computadora/Computer-Interfaces/UART/FullUART/simulation/qsim/" RXTXUART -c RXTXUART
quartus_eda --gen_testbench --tool=modelsim_oem --format=verilog --write_settings_files=off RXTXUART -c RXTXUART --vector_source="C:/Users/memof/OneDrive/Profe II/9n0/Interfaces de Computadora/Computer-Interfaces/UART/FullUART/Waveform1.vwf" --testbench_file="C:/Users/memof/OneDrive/Profe II/9n0/Interfaces de Computadora/Computer-Interfaces/UART/FullUART/simulation/qsim/Waveform1.vwf.vt"
quartus_eda --write_settings_files=off --simulation=on --functional=on --flatten_buses=off --tool=modelsim_oem --format=verilog --output_directory="C:/Users/memof/OneDrive/Profe II/9n0/Interfaces de Computadora/Computer-Interfaces/UART/FullUART/simulation/qsim/" RXTXUART -c RXTXUART
quartus_eda --gen_testbench --tool=modelsim_oem --format=verilog --write_settings_files=off RXTXUART -c RXTXUART --vector_source="C:/Users/memof/OneDrive/Profe II/9n0/Interfaces de Computadora/Computer-Interfaces/UART/FullUART/Waveform1.vwf" --testbench_file="C:/Users/memof/OneDrive/Profe II/9n0/Interfaces de Computadora/Computer-Interfaces/UART/FullUART/simulation/qsim/Waveform1.vwf.vt"
quartus_eda --write_settings_files=off --simulation=on --functional=on --flatten_buses=off --tool=modelsim_oem --format=verilog --output_directory="C:/Users/memof/OneDrive/Profe II/9n0/Interfaces de Computadora/Computer-Interfaces/UART/FullUART/simulation/qsim/" RXTXUART -c RXTXUART



