Analysis & Synthesis report for UART
Sun Sep 11 15:34:24 2022
Quartus Prime Version 18.1.0 Build 625 09/12/2018 SJ Lite Edition


---------------------
; Table of Contents ;
---------------------
  1. Legal Notice
  2. Analysis & Synthesis Summary
  3. Analysis & Synthesis Settings
  4. Parallel Compilation
  5. Analysis & Synthesis Source Files Read
  6. Analysis & Synthesis Resource Usage Summary
  7. Analysis & Synthesis Resource Utilization by Entity
  8. Registers Removed During Synthesis
  9. General Register Statistics
 10. Inverted Register Statistics
 11. Multiplexer Restructuring Statistics (Restructuring Performed)
 12. Port Connectivity Checks: "UARTClock:ClockTx"
 13. Port Connectivity Checks: "uUartControl:uControl"
 14. Post-Synthesis Netlist Statistics for Top Partition
 15. Elapsed Time Per Partition
 16. Analysis & Synthesis Messages
 17. Analysis & Synthesis Suppressed Messages



----------------
; Legal Notice ;
----------------
Copyright (C) 2018  Intel Corporation. All rights reserved.
Your use of Intel Corporation's design tools, logic functions 
and other software and tools, and its AMPP partner logic 
functions, and any output files from any of the foregoing 
(including device programming or simulation files), and any 
associated documentation or information are expressly subject 
to the terms and conditions of the Intel Program License 
Subscription Agreement, the Intel Quartus Prime License Agreement,
the Intel FPGA IP License Agreement, or other applicable license
agreement, including, without limitation, that your use is for
the sole purpose of programming logic devices manufactured by
Intel and sold by Intel or its authorized distributors.  Please
refer to the applicable agreement for further details.



+----------------------------------------------------------------------------------+
; Analysis & Synthesis Summary                                                     ;
+------------------------------------+---------------------------------------------+
; Analysis & Synthesis Status        ; Successful - Sun Sep 11 15:34:24 2022       ;
; Quartus Prime Version              ; 18.1.0 Build 625 09/12/2018 SJ Lite Edition ;
; Revision Name                      ; UART                                        ;
; Top-level Entity Name              ; UART                                        ;
; Family                             ; MAX 10                                      ;
; Total logic elements               ; 125                                         ;
;     Total combinational functions  ; 116                                         ;
;     Dedicated logic registers      ; 75                                          ;
; Total registers                    ; 75                                          ;
; Total pins                         ; 34                                          ;
; Total virtual pins                 ; 0                                           ;
; Total memory bits                  ; 0                                           ;
; Embedded Multiplier 9-bit elements ; 0                                           ;
; Total PLLs                         ; 0                                           ;
; UFM blocks                         ; 0                                           ;
; ADC blocks                         ; 0                                           ;
+------------------------------------+---------------------------------------------+


+------------------------------------------------------------------------------------------------------------+
; Analysis & Synthesis Settings                                                                              ;
+------------------------------------------------------------------+--------------------+--------------------+
; Option                                                           ; Setting            ; Default Value      ;
+------------------------------------------------------------------+--------------------+--------------------+
; Device                                                           ; 10M50DAF484C7G     ;                    ;
; Top-level entity name                                            ; UART               ; UART               ;
; Family name                                                      ; MAX 10             ; Cyclone V          ;
; Use smart compilation                                            ; Off                ; Off                ;
; Enable parallel Assembler and Timing Analyzer during compilation ; On                 ; On                 ;
; Enable compact report table                                      ; Off                ; Off                ;
; Restructure Multiplexers                                         ; Auto               ; Auto               ;
; Create Debugging Nodes for IP Cores                              ; Off                ; Off                ;
; Preserve fewer node names                                        ; On                 ; On                 ;
; Intel FPGA IP Evaluation Mode                                    ; Enable             ; Enable             ;
; Verilog Version                                                  ; Verilog_2001       ; Verilog_2001       ;
; VHDL Version                                                     ; VHDL_1993          ; VHDL_1993          ;
; State Machine Processing                                         ; Auto               ; Auto               ;
; Safe State Machine                                               ; Off                ; Off                ;
; Extract Verilog State Machines                                   ; On                 ; On                 ;
; Extract VHDL State Machines                                      ; On                 ; On                 ;
; Ignore Verilog initial constructs                                ; Off                ; Off                ;
; Iteration limit for constant Verilog loops                       ; 5000               ; 5000               ;
; Iteration limit for non-constant Verilog loops                   ; 250                ; 250                ;
; Add Pass-Through Logic to Inferred RAMs                          ; On                 ; On                 ;
; Infer RAMs from Raw Logic                                        ; On                 ; On                 ;
; Parallel Synthesis                                               ; On                 ; On                 ;
; DSP Block Balancing                                              ; Auto               ; Auto               ;
; NOT Gate Push-Back                                               ; On                 ; On                 ;
; Power-Up Don't Care                                              ; On                 ; On                 ;
; Remove Redundant Logic Cells                                     ; Off                ; Off                ;
; Remove Duplicate Registers                                       ; On                 ; On                 ;
; Ignore CARRY Buffers                                             ; Off                ; Off                ;
; Ignore CASCADE Buffers                                           ; Off                ; Off                ;
; Ignore GLOBAL Buffers                                            ; Off                ; Off                ;
; Ignore ROW GLOBAL Buffers                                        ; Off                ; Off                ;
; Ignore LCELL Buffers                                             ; Off                ; Off                ;
; Ignore SOFT Buffers                                              ; On                 ; On                 ;
; Limit AHDL Integers to 32 Bits                                   ; Off                ; Off                ;
; Optimization Technique                                           ; Balanced           ; Balanced           ;
; Carry Chain Length                                               ; 70                 ; 70                 ;
; Auto Carry Chains                                                ; On                 ; On                 ;
; Auto Open-Drain Pins                                             ; On                 ; On                 ;
; Perform WYSIWYG Primitive Resynthesis                            ; Off                ; Off                ;
; Auto ROM Replacement                                             ; On                 ; On                 ;
; Auto RAM Replacement                                             ; On                 ; On                 ;
; Auto DSP Block Replacement                                       ; On                 ; On                 ;
; Auto Shift Register Replacement                                  ; Auto               ; Auto               ;
; Allow Shift Register Merging across Hierarchies                  ; Auto               ; Auto               ;
; Auto Clock Enable Replacement                                    ; On                 ; On                 ;
; Strict RAM Replacement                                           ; Off                ; Off                ;
; Allow Synchronous Control Signals                                ; On                 ; On                 ;
; Force Use of Synchronous Clear Signals                           ; Off                ; Off                ;
; Auto RAM Block Balancing                                         ; On                 ; On                 ;
; Auto RAM to Logic Cell Conversion                                ; Off                ; Off                ;
; Auto Resource Sharing                                            ; Off                ; Off                ;
; Allow Any RAM Size For Recognition                               ; Off                ; Off                ;
; Allow Any ROM Size For Recognition                               ; Off                ; Off                ;
; Allow Any Shift Register Size For Recognition                    ; Off                ; Off                ;
; Use LogicLock Constraints during Resource Balancing              ; On                 ; On                 ;
; Ignore translate_off and synthesis_off directives                ; Off                ; Off                ;
; Timing-Driven Synthesis                                          ; On                 ; On                 ;
; Report Parameter Settings                                        ; On                 ; On                 ;
; Report Source Assignments                                        ; On                 ; On                 ;
; Report Connectivity Checks                                       ; On                 ; On                 ;
; Ignore Maximum Fan-Out Assignments                               ; Off                ; Off                ;
; Synchronization Register Chain Length                            ; 2                  ; 2                  ;
; Power Optimization During Synthesis                              ; Normal compilation ; Normal compilation ;
; HDL message level                                                ; Level2             ; Level2             ;
; Suppress Register Optimization Related Messages                  ; Off                ; Off                ;
; Number of Removed Registers Reported in Synthesis Report         ; 5000               ; 5000               ;
; Number of Swept Nodes Reported in Synthesis Report               ; 5000               ; 5000               ;
; Number of Inverted Registers Reported in Synthesis Report        ; 100                ; 100                ;
; Clock MUX Protection                                             ; On                 ; On                 ;
; Auto Gated Clock Conversion                                      ; Off                ; Off                ;
; Block Design Naming                                              ; Auto               ; Auto               ;
; SDC constraint protection                                        ; Off                ; Off                ;
; Synthesis Effort                                                 ; Auto               ; Auto               ;
; Shift Register Replacement - Allow Asynchronous Clear Signal     ; On                 ; On                 ;
; Pre-Mapping Resynthesis Optimization                             ; Off                ; Off                ;
; Analysis & Synthesis Message Level                               ; Medium             ; Medium             ;
; Disable Register Merging Across Hierarchies                      ; Auto               ; Auto               ;
; Resource Aware Inference For Block RAM                           ; On                 ; On                 ;
+------------------------------------------------------------------+--------------------+--------------------+


+------------------------------------------+
; Parallel Compilation                     ;
+----------------------------+-------------+
; Processors                 ; Number      ;
+----------------------------+-------------+
; Number detected on machine ; 16          ;
; Maximum allowed            ; 16          ;
;                            ;             ;
; Average used               ; 1.00        ;
; Maximum used               ; 16          ;
;                            ;             ;
; Usage by Processor         ; % Time Used ;
;     Processor 1            ; 100.0%      ;
;     Processor 2            ;   0.0%      ;
;     Processors 3-16        ;   0.0%      ;
+----------------------------+-------------+


+-------------------------------------------------------------------------------------------------------------------------------------------------------------------------------------------------------+
; Analysis & Synthesis Source Files Read                                                                                                                                                                ;
+----------------------------------+-----------------+------------------------------+---------------------------------------------------------------------------------------------------------+---------+
; File Name with User-Entered Path ; Used in Netlist ; File Type                    ; File Name with Absolute Path                                                                            ; Library ;
+----------------------------------+-----------------+------------------------------+---------------------------------------------------------------------------------------------------------+---------+
; UART.v                           ; yes             ; User Verilog HDL File        ; C:/Users/memof/OneDrive/Profe II/9n0/Interfaces de Computadora/Computer-Interfaces/UART/UART.v          ;         ;
; UARTClock.v                      ; yes             ; User Verilog HDL File        ; C:/Users/memof/OneDrive/Profe II/9n0/Interfaces de Computadora/Computer-Interfaces/UART/UARTClock.v     ;         ;
; ParityCalc.v                     ; yes             ; User Verilog HDL File        ; C:/Users/memof/OneDrive/Profe II/9n0/Interfaces de Computadora/Computer-Interfaces/UART/ParityCalc.v    ;         ;
; PISOSRegister.v                  ; yes             ; User Verilog HDL File        ; C:/Users/memof/OneDrive/Profe II/9n0/Interfaces de Computadora/Computer-Interfaces/UART/PISOSRegister.v ;         ;
; uUartControl.sv                  ; yes             ; User SystemVerilog HDL File  ; C:/Users/memof/OneDrive/Profe II/9n0/Interfaces de Computadora/Computer-Interfaces/UART/uUartControl.sv ;         ;
+----------------------------------+-----------------+------------------------------+---------------------------------------------------------------------------------------------------------+---------+


+-----------------------------------------------------------+
; Analysis & Synthesis Resource Usage Summary               ;
+---------------------------------------------+-------------+
; Resource                                    ; Usage       ;
+---------------------------------------------+-------------+
; Estimated Total logic elements              ; 125         ;
;                                             ;             ;
; Total combinational functions               ; 116         ;
; Logic element usage by number of LUT inputs ;             ;
;     -- 4 input functions                    ; 28          ;
;     -- 3 input functions                    ; 33          ;
;     -- <=2 input functions                  ; 55          ;
;                                             ;             ;
; Logic elements by mode                      ;             ;
;     -- normal mode                          ; 72          ;
;     -- arithmetic mode                      ; 44          ;
;                                             ;             ;
; Total registers                             ; 75          ;
;     -- Dedicated logic registers            ; 75          ;
;     -- I/O registers                        ; 0           ;
;                                             ;             ;
; I/O pins                                    ; 34          ;
;                                             ;             ;
; Embedded Multiplier 9-bit elements          ; 0           ;
;                                             ;             ;
; Maximum fan-out node                        ; Clock~input ;
; Maximum fan-out                             ; 70          ;
; Total fan-out                               ; 559         ;
; Average fan-out                             ; 2.16        ;
+---------------------------------------------+-------------+


+--------------------------------------------------------------------------------------------------------------------------------------------------------------------------------------------------------------------------------------------------------+
; Analysis & Synthesis Resource Utilization by Entity                                                                                                                                                                                                    ;
+---------------------------------+---------------------+---------------------------+-------------+------------+--------------+---------+-----------+------+--------------+------------+----------------------------------+---------------+--------------+
; Compilation Hierarchy Node      ; Combinational ALUTs ; Dedicated Logic Registers ; Memory Bits ; UFM Blocks ; DSP Elements ; DSP 9x9 ; DSP 18x18 ; Pins ; Virtual Pins ; ADC blocks ; Full Hierarchy Name              ; Entity Name   ; Library Name ;
+---------------------------------+---------------------+---------------------------+-------------+------------+--------------+---------+-----------+------+--------------+------------+----------------------------------+---------------+--------------+
; |UART                           ; 116 (0)             ; 75 (0)                    ; 0           ; 0          ; 0            ; 0       ; 0         ; 34   ; 0            ; 0          ; |UART                            ; UART          ; work         ;
;    |PISOSRegister:ShiftReg|     ; 26 (26)             ; 25 (25)                   ; 0           ; 0          ; 0            ; 0       ; 0         ; 0    ; 0            ; 0          ; |UART|PISOSRegister:ShiftReg     ; PISOSRegister ; work         ;
;    |ParityCalc:ParityGenerator| ; 3 (3)               ; 0 (0)                     ; 0           ; 0          ; 0            ; 0       ; 0         ; 0    ; 0            ; 0          ; |UART|ParityCalc:ParityGenerator ; ParityCalc    ; work         ;
;    |UARTClock:ClockTx|          ; 68 (68)             ; 33 (33)                   ; 0           ; 0          ; 0            ; 0       ; 0         ; 0    ; 0            ; 0          ; |UART|UARTClock:ClockTx          ; UARTClock     ; work         ;
;    |uUartControl:uControl|      ; 19 (19)             ; 17 (17)                   ; 0           ; 0          ; 0            ; 0       ; 0         ; 0    ; 0            ; 0          ; |UART|uUartControl:uControl      ; uUartControl  ; work         ;
+---------------------------------+---------------------+---------------------------+-------------+------------+--------------+---------+-----------+------+--------------+------------+----------------------------------+---------------+--------------+
Note: For table entries with two numbers listed, the numbers in parentheses indicate the number of resources of the given type used by the specific entity alone. The numbers listed outside of parentheses indicate the total resources of the given type used by the specific entity and all of its sub-entities in the hierarchy.


+--------------------------------------------------------------------------------+
; Registers Removed During Synthesis                                             ;
+---------------------------------------+----------------------------------------+
; Register name                         ; Reason for Removal                     ;
+---------------------------------------+----------------------------------------+
; uUartControl:uControl|ControlLines[6] ; Stuck at VCC due to stuck port data_in ;
; Total Number of Removed Registers = 1 ;                                        ;
+---------------------------------------+----------------------------------------+


+------------------------------------------------------+
; General Register Statistics                          ;
+----------------------------------------------+-------+
; Statistic                                    ; Value ;
+----------------------------------------------+-------+
; Total registers                              ; 75    ;
; Number of registers using Synchronous Clear  ; 32    ;
; Number of registers using Synchronous Load   ; 0     ;
; Number of registers using Asynchronous Clear ; 0     ;
; Number of registers using Asynchronous Load  ; 0     ;
; Number of registers using Clock Enable       ; 14    ;
; Number of registers using Preset             ; 0     ;
+----------------------------------------------+-------+


+---------------------------------------------------+
; Inverted Register Statistics                      ;
+-----------------------------------------+---------+
; Inverted Register                       ; Fan out ;
+-----------------------------------------+---------+
; PISOSRegister:ShiftReg|flips[0]         ; 2       ;
; PISOSRegister:ShiftReg|flips[1]         ; 2       ;
; PISOSRegister:ShiftReg|flips[2]         ; 2       ;
; PISOSRegister:ShiftReg|flips[3]         ; 2       ;
; PISOSRegister:ShiftReg|flips[4]         ; 2       ;
; PISOSRegister:ShiftReg|flips[5]         ; 2       ;
; PISOSRegister:ShiftReg|flips[6]         ; 2       ;
; PISOSRegister:ShiftReg|flips[7]         ; 2       ;
; PISOSRegister:ShiftReg|flips[8]         ; 2       ;
; PISOSRegister:ShiftReg|flips[9]         ; 2       ;
; PISOSRegister:ShiftReg|flips[10]        ; 3       ;
; Total number of inverted registers = 11 ;         ;
+-----------------------------------------+---------+


+------------------------------------------------------------------------------------------------------------------------------------------------------+
; Multiplexer Restructuring Statistics (Restructuring Performed)                                                                                       ;
+--------------------+-----------+---------------+----------------------+------------------------+------------+----------------------------------------+
; Multiplexer Inputs ; Bus Width ; Baseline Area ; Area if Restructured ; Saving if Restructured ; Registered ; Example Multiplexer Output             ;
+--------------------+-----------+---------------+----------------------+------------------------+------------+----------------------------------------+
; 3:1                ; 4 bits    ; 8 LEs         ; 4 LEs                ; 4 LEs                  ; Yes        ; |UART|uUartControl:uControl|count[3]   ;
; 3:1                ; 32 bits   ; 64 LEs        ; 32 LEs               ; 32 LEs                 ; Yes        ; |UART|UARTClock:ClockTx|count[28]      ;
; 4:1                ; 2 bits    ; 4 LEs         ; 4 LEs                ; 0 LEs                  ; Yes        ; |UART|uUartControl:uControl|address[0] ;
; 4:1                ; 2 bits    ; 4 LEs         ; 4 LEs                ; 0 LEs                  ; Yes        ; |UART|PISOSRegister:ShiftReg|flips[0]  ;
; 4:1                ; 8 bits    ; 16 LEs        ; 16 LEs               ; 0 LEs                  ; Yes        ; |UART|PISOSRegister:ShiftReg|flips[5]  ;
+--------------------+-----------+---------------+----------------------+------------------------+------------+----------------------------------------+


+---------------------------------------------------------------------------------------------------------------------------------------------------------------------------+
; Port Connectivity Checks: "UARTClock:ClockTx"                                                                                                                             ;
+--------+--------+----------+----------------------------------------------------------------------------------------------------------------------------------------------+
; Port   ; Type   ; Severity ; Details                                                                                                                                      ;
+--------+--------+----------+----------------------------------------------------------------------------------------------------------------------------------------------+
; Count  ; Input  ; Warning  ; Declared by entity but not connected by instance. If a default value exists, it will be used.  Otherwise, the port will be connected to GND. ;
; tiempo ; Output ; Warning  ; Declared by entity but not connected by instance. Logic that only feeds a dangling port will be removed.                                     ;
+--------+--------+----------+----------------------------------------------------------------------------------------------------------------------------------------------+


+----------------------------------------------------------------------------------------------------------------------------------------------+
; Port Connectivity Checks: "uUartControl:uControl"                                                                                            ;
+---------------+--------+----------+----------------------------------------------------------------------------------------------------------+
; Port          ; Type   ; Severity ; Details                                                                                                  ;
+---------------+--------+----------+----------------------------------------------------------------------------------------------------------+
; inputout      ; Output ; Warning  ; Declared by entity but not connected by instance. Logic that only feeds a dangling port will be removed. ;
; CurrentInsout ; Output ; Warning  ; Declared by entity but not connected by instance. Logic that only feeds a dangling port will be removed. ;
; countoud      ; Output ; Warning  ; Declared by entity but not connected by instance. Logic that only feeds a dangling port will be removed. ;
+---------------+--------+----------+----------------------------------------------------------------------------------------------------------+


+-----------------------------------------------------+
; Post-Synthesis Netlist Statistics for Top Partition ;
+-----------------------+-----------------------------+
; Type                  ; Count                       ;
+-----------------------+-----------------------------+
; boundary_port         ; 34                          ;
; cycloneiii_ff         ; 75                          ;
;     ENA               ; 14                          ;
;     SCLR              ; 32                          ;
;     plain             ; 29                          ;
; cycloneiii_lcell_comb ; 118                         ;
;     arith             ; 44                          ;
;         2 data inputs ; 32                          ;
;         3 data inputs ; 12                          ;
;     normal            ; 74                          ;
;         0 data inputs ; 1                           ;
;         1 data inputs ; 14                          ;
;         2 data inputs ; 10                          ;
;         3 data inputs ; 21                          ;
;         4 data inputs ; 28                          ;
;                       ;                             ;
; Max LUT depth         ; 7.30                        ;
; Average LUT depth     ; 3.20                        ;
+-----------------------+-----------------------------+


+-------------------------------+
; Elapsed Time Per Partition    ;
+----------------+--------------+
; Partition Name ; Elapsed Time ;
+----------------+--------------+
; Top            ; 00:00:00     ;
+----------------+--------------+


+-------------------------------+
; Analysis & Synthesis Messages ;
+-------------------------------+
Info: *******************************************************************
Info: Running Quartus Prime Analysis & Synthesis
    Info: Version 18.1.0 Build 625 09/12/2018 SJ Lite Edition
    Info: Processing started: Sun Sep 11 15:34:16 2022
Info: Command: quartus_map --read_settings_files=on --write_settings_files=off UART -c UART
Warning (18236): Number of processors has not been specified which may cause overloading on shared machines.  Set the global assignment NUM_PARALLEL_PROCESSORS in your QSF to an appropriate value for best performance.
Info (20030): Parallel compilation is enabled and will use 16 of the 16 processors detected
Info (12021): Found 1 design units, including 1 entities, in source file uart.v
    Info (12023): Found entity 1: UART File: C:/Users/memof/OneDrive/Profe II/9n0/Interfaces de Computadora/Computer-Interfaces/UART/UART.v Line: 1
Warning (10229): Verilog HDL Expression warning at UARTClock.v(11): truncated literal to match 8 bits File: C:/Users/memof/OneDrive/Profe II/9n0/Interfaces de Computadora/Computer-Interfaces/UART/UARTClock.v Line: 11
Warning (10229): Verilog HDL Expression warning at UARTClock.v(12): truncated literal to match 6 bits File: C:/Users/memof/OneDrive/Profe II/9n0/Interfaces de Computadora/Computer-Interfaces/UART/UARTClock.v Line: 12
Info (12021): Found 1 design units, including 1 entities, in source file uartclock.v
    Info (12023): Found entity 1: UARTClock File: C:/Users/memof/OneDrive/Profe II/9n0/Interfaces de Computadora/Computer-Interfaces/UART/UARTClock.v Line: 1
Info (12021): Found 1 design units, including 1 entities, in source file paritycalc.v
    Info (12023): Found entity 1: ParityCalc File: C:/Users/memof/OneDrive/Profe II/9n0/Interfaces de Computadora/Computer-Interfaces/UART/ParityCalc.v Line: 1
Info (12021): Found 1 design units, including 1 entities, in source file pisosregister.v
    Info (12023): Found entity 1: PISOSRegister File: C:/Users/memof/OneDrive/Profe II/9n0/Interfaces de Computadora/Computer-Interfaces/UART/PISOSRegister.v Line: 1
Warning (10229): Verilog HDL Expression warning at uUartControl.sv(83): truncated literal to match 4 bits File: C:/Users/memof/OneDrive/Profe II/9n0/Interfaces de Computadora/Computer-Interfaces/UART/uUartControl.sv Line: 83
Info (12021): Found 1 design units, including 1 entities, in source file uuartcontrol.sv
    Info (12023): Found entity 1: uUartControl File: C:/Users/memof/OneDrive/Profe II/9n0/Interfaces de Computadora/Computer-Interfaces/UART/uUartControl.sv Line: 1
Info (12127): Elaborating entity "UART" for the top level hierarchy
Info (12128): Elaborating entity "uUartControl" for hierarchy "uUartControl:uControl" File: C:/Users/memof/OneDrive/Profe II/9n0/Interfaces de Computadora/Computer-Interfaces/UART/UART.v Line: 25
Warning (10036): Verilog HDL or VHDL warning at uUartControl.sv(17): object "configmode" assigned a value but never read File: C:/Users/memof/OneDrive/Profe II/9n0/Interfaces de Computadora/Computer-Interfaces/UART/uUartControl.sv Line: 17
Warning (10036): Verilog HDL or VHDL warning at uUartControl.sv(18): object "sendmode" assigned a value but never read File: C:/Users/memof/OneDrive/Profe II/9n0/Interfaces de Computadora/Computer-Interfaces/UART/uUartControl.sv Line: 18
Warning (10036): Verilog HDL or VHDL warning at uUartControl.sv(23): object "write" assigned a value but never read File: C:/Users/memof/OneDrive/Profe II/9n0/Interfaces de Computadora/Computer-Interfaces/UART/uUartControl.sv Line: 23
Warning (10230): Verilog HDL assignment warning at uUartControl.sv(87): truncated value with size 32 to match size of target (4) File: C:/Users/memof/OneDrive/Profe II/9n0/Interfaces de Computadora/Computer-Interfaces/UART/uUartControl.sv Line: 87
Warning (10030): Net "uMem.data_a" at uUartControl.sv(13) has no driver or initial value, using a default initial value '0' File: C:/Users/memof/OneDrive/Profe II/9n0/Interfaces de Computadora/Computer-Interfaces/UART/uUartControl.sv Line: 13
Warning (10030): Net "uMem.waddr_a" at uUartControl.sv(13) has no driver or initial value, using a default initial value '0' File: C:/Users/memof/OneDrive/Profe II/9n0/Interfaces de Computadora/Computer-Interfaces/UART/uUartControl.sv Line: 13
Warning (10030): Net "uMem.we_a" at uUartControl.sv(13) has no driver or initial value, using a default initial value '0' File: C:/Users/memof/OneDrive/Profe II/9n0/Interfaces de Computadora/Computer-Interfaces/UART/uUartControl.sv Line: 13
Info (12128): Elaborating entity "UARTClock" for hierarchy "UARTClock:ClockTx" File: C:/Users/memof/OneDrive/Profe II/9n0/Interfaces de Computadora/Computer-Interfaces/UART/UART.v Line: 32
Warning (10036): Verilog HDL or VHDL warning at UARTClock.v(11): object "MAXCount" assigned a value but never read File: C:/Users/memof/OneDrive/Profe II/9n0/Interfaces de Computadora/Computer-Interfaces/UART/UARTClock.v Line: 11
Warning (10230): Verilog HDL assignment warning at UARTClock.v(28): truncated value with size 32 to match size of target (9) File: C:/Users/memof/OneDrive/Profe II/9n0/Interfaces de Computadora/Computer-Interfaces/UART/UARTClock.v Line: 28
Info (12128): Elaborating entity "ParityCalc" for hierarchy "ParityCalc:ParityGenerator" File: C:/Users/memof/OneDrive/Profe II/9n0/Interfaces de Computadora/Computer-Interfaces/UART/UART.v Line: 38
Info (12128): Elaborating entity "PISOSRegister" for hierarchy "PISOSRegister:ShiftReg" File: C:/Users/memof/OneDrive/Profe II/9n0/Interfaces de Computadora/Computer-Interfaces/UART/UART.v Line: 48
Info (276014): Found 1 instances of uninferred RAM logic
    Info (276013): RAM logic "uUartControl:uControl|uMem" is uninferred because MIF is not supported for the selected family File: C:/Users/memof/OneDrive/Profe II/9n0/Interfaces de Computadora/Computer-Interfaces/UART/uUartControl.sv Line: 13
Warning (12241): 2 hierarchies have connectivity warnings - see the Connectivity Checks report folder
Warning (13024): Output pins are stuck at VCC or GND
    Warning (13410): Pin "controlLine[6]" is stuck at VCC File: C:/Users/memof/OneDrive/Profe II/9n0/Interfaces de Computadora/Computer-Interfaces/UART/UART.v Line: 10
Info (286030): Timing-Driven Synthesis is running
Info (144001): Generated suppressed messages file C:/Users/memof/OneDrive/Profe II/9n0/Interfaces de Computadora/Computer-Interfaces/UART/output_files/UART.map.smsg
Info (16010): Generating hard_block partition "hard_block:auto_generated_inst"
    Info (16011): Adding 0 node(s), including 0 DDIO, 0 PLL, 0 transceiver and 0 LCELL
Info (21057): Implemented 160 device resources after synthesis - the final resource count might be different
    Info (21058): Implemented 12 input pins
    Info (21059): Implemented 22 output pins
    Info (21061): Implemented 126 logic cells
Info: Quartus Prime Analysis & Synthesis was successful. 0 errors, 16 warnings
    Info: Peak virtual memory: 4836 megabytes
    Info: Processing ended: Sun Sep 11 15:34:24 2022
    Info: Elapsed time: 00:00:08
    Info: Total CPU time (on all processors): 00:00:18


+------------------------------------------+
; Analysis & Synthesis Suppressed Messages ;
+------------------------------------------+
The suppressed messages can be found in C:/Users/memof/OneDrive/Profe II/9n0/Interfaces de Computadora/Computer-Interfaces/UART/output_files/UART.map.smsg.


