Analysis & Synthesis report for HLCP
Thu Sep 08 00:26:41 2022
Quartus Prime Version 18.1.0 Build 625 09/12/2018 SJ Lite Edition


---------------------
; Table of Contents ;
---------------------
  1. Legal Notice
  2. Analysis & Synthesis Summary
  3. Analysis & Synthesis Settings
  4. Parallel Compilation
  5. Analysis & Synthesis Source Files Read
  6. Analysis & Synthesis Resource Usage Summary
  7. Analysis & Synthesis Resource Utilization by Entity
  8. State Machine - |Top|HLCP:U1|pres_state
  9. Registers Removed During Synthesis
 10. General Register Statistics
 11. Multiplexer Restructuring Statistics (Restructuring Performed)
 12. Parameter Settings for User Entity Instance: debounce:U2
 13. Post-Synthesis Netlist Statistics for Top Partition
 14. Elapsed Time Per Partition
 15. Analysis & Synthesis Messages



----------------
; Legal Notice ;
----------------
Copyright (C) 2018  Intel Corporation. All rights reserved.
Your use of Intel Corporation's design tools, logic functions 
and other software and tools, and its AMPP partner logic 
functions, and any output files from any of the foregoing 
(including device programming or simulation files), and any 
associated documentation or information are expressly subject 
to the terms and conditions of the Intel Program License 
Subscription Agreement, the Intel Quartus Prime License Agreement,
the Intel FPGA IP License Agreement, or other applicable license
agreement, including, without limitation, that your use is for
the sole purpose of programming logic devices manufactured by
Intel and sold by Intel or its authorized distributors.  Please
refer to the applicable agreement for further details.



+----------------------------------------------------------------------------------+
; Analysis & Synthesis Summary                                                     ;
+------------------------------------+---------------------------------------------+
; Analysis & Synthesis Status        ; Successful - Thu Sep 08 00:26:41 2022       ;
; Quartus Prime Version              ; 18.1.0 Build 625 09/12/2018 SJ Lite Edition ;
; Revision Name                      ; HLCP                                        ;
; Top-level Entity Name              ; Top                                         ;
; Family                             ; MAX 10                                      ;
; Total logic elements               ; 70                                          ;
;     Total combinational functions  ; 66                                          ;
;     Dedicated logic registers      ; 40                                          ;
; Total registers                    ; 40                                          ;
; Total pins                         ; 13                                          ;
; Total virtual pins                 ; 0                                           ;
; Total memory bits                  ; 0                                           ;
; Embedded Multiplier 9-bit elements ; 0                                           ;
; Total PLLs                         ; 0                                           ;
; UFM blocks                         ; 0                                           ;
; ADC blocks                         ; 0                                           ;
+------------------------------------+---------------------------------------------+


+------------------------------------------------------------------------------------------------------------+
; Analysis & Synthesis Settings                                                                              ;
+------------------------------------------------------------------+--------------------+--------------------+
; Option                                                           ; Setting            ; Default Value      ;
+------------------------------------------------------------------+--------------------+--------------------+
; Device                                                           ; 10M50DAF484C7G     ;                    ;
; Top-level entity name                                            ; Top                ; HLCP               ;
; Family name                                                      ; MAX 10             ; Cyclone V          ;
; Use smart compilation                                            ; Off                ; Off                ;
; Enable parallel Assembler and Timing Analyzer during compilation ; On                 ; On                 ;
; Enable compact report table                                      ; Off                ; Off                ;
; Restructure Multiplexers                                         ; Auto               ; Auto               ;
; Create Debugging Nodes for IP Cores                              ; Off                ; Off                ;
; Preserve fewer node names                                        ; On                 ; On                 ;
; Intel FPGA IP Evaluation Mode                                    ; Enable             ; Enable             ;
; Verilog Version                                                  ; Verilog_2001       ; Verilog_2001       ;
; VHDL Version                                                     ; VHDL_1993          ; VHDL_1993          ;
; State Machine Processing                                         ; Auto               ; Auto               ;
; Safe State Machine                                               ; Off                ; Off                ;
; Extract Verilog State Machines                                   ; On                 ; On                 ;
; Extract VHDL State Machines                                      ; On                 ; On                 ;
; Ignore Verilog initial constructs                                ; Off                ; Off                ;
; Iteration limit for constant Verilog loops                       ; 5000               ; 5000               ;
; Iteration limit for non-constant Verilog loops                   ; 250                ; 250                ;
; Add Pass-Through Logic to Inferred RAMs                          ; On                 ; On                 ;
; Infer RAMs from Raw Logic                                        ; On                 ; On                 ;
; Parallel Synthesis                                               ; On                 ; On                 ;
; DSP Block Balancing                                              ; Auto               ; Auto               ;
; NOT Gate Push-Back                                               ; On                 ; On                 ;
; Power-Up Don't Care                                              ; On                 ; On                 ;
; Remove Redundant Logic Cells                                     ; Off                ; Off                ;
; Remove Duplicate Registers                                       ; On                 ; On                 ;
; Ignore CARRY Buffers                                             ; Off                ; Off                ;
; Ignore CASCADE Buffers                                           ; Off                ; Off                ;
; Ignore GLOBAL Buffers                                            ; Off                ; Off                ;
; Ignore ROW GLOBAL Buffers                                        ; Off                ; Off                ;
; Ignore LCELL Buffers                                             ; Off                ; Off                ;
; Ignore SOFT Buffers                                              ; On                 ; On                 ;
; Limit AHDL Integers to 32 Bits                                   ; Off                ; Off                ;
; Optimization Technique                                           ; Balanced           ; Balanced           ;
; Carry Chain Length                                               ; 70                 ; 70                 ;
; Auto Carry Chains                                                ; On                 ; On                 ;
; Auto Open-Drain Pins                                             ; On                 ; On                 ;
; Perform WYSIWYG Primitive Resynthesis                            ; Off                ; Off                ;
; Auto ROM Replacement                                             ; On                 ; On                 ;
; Auto RAM Replacement                                             ; On                 ; On                 ;
; Auto DSP Block Replacement                                       ; On                 ; On                 ;
; Auto Shift Register Replacement                                  ; Auto               ; Auto               ;
; Allow Shift Register Merging across Hierarchies                  ; Auto               ; Auto               ;
; Auto Clock Enable Replacement                                    ; On                 ; On                 ;
; Strict RAM Replacement                                           ; Off                ; Off                ;
; Allow Synchronous Control Signals                                ; On                 ; On                 ;
; Force Use of Synchronous Clear Signals                           ; Off                ; Off                ;
; Auto RAM Block Balancing                                         ; On                 ; On                 ;
; Auto RAM to Logic Cell Conversion                                ; Off                ; Off                ;
; Auto Resource Sharing                                            ; Off                ; Off                ;
; Allow Any RAM Size For Recognition                               ; Off                ; Off                ;
; Allow Any ROM Size For Recognition                               ; Off                ; Off                ;
; Allow Any Shift Register Size For Recognition                    ; Off                ; Off                ;
; Use LogicLock Constraints during Resource Balancing              ; On                 ; On                 ;
; Ignore translate_off and synthesis_off directives                ; Off                ; Off                ;
; Timing-Driven Synthesis                                          ; On                 ; On                 ;
; Report Parameter Settings                                        ; On                 ; On                 ;
; Report Source Assignments                                        ; On                 ; On                 ;
; Report Connectivity Checks                                       ; On                 ; On                 ;
; Ignore Maximum Fan-Out Assignments                               ; Off                ; Off                ;
; Synchronization Register Chain Length                            ; 2                  ; 2                  ;
; Power Optimization During Synthesis                              ; Normal compilation ; Normal compilation ;
; HDL message level                                                ; Level2             ; Level2             ;
; Suppress Register Optimization Related Messages                  ; Off                ; Off                ;
; Number of Removed Registers Reported in Synthesis Report         ; 5000               ; 5000               ;
; Number of Swept Nodes Reported in Synthesis Report               ; 5000               ; 5000               ;
; Number of Inverted Registers Reported in Synthesis Report        ; 100                ; 100                ;
; Clock MUX Protection                                             ; On                 ; On                 ;
; Auto Gated Clock Conversion                                      ; Off                ; Off                ;
; Block Design Naming                                              ; Auto               ; Auto               ;
; SDC constraint protection                                        ; Off                ; Off                ;
; Synthesis Effort                                                 ; Auto               ; Auto               ;
; Shift Register Replacement - Allow Asynchronous Clear Signal     ; On                 ; On                 ;
; Pre-Mapping Resynthesis Optimization                             ; Off                ; Off                ;
; Analysis & Synthesis Message Level                               ; Medium             ; Medium             ;
; Disable Register Merging Across Hierarchies                      ; Auto               ; Auto               ;
; Resource Aware Inference For Block RAM                           ; On                 ; On                 ;
+------------------------------------------------------------------+--------------------+--------------------+


+------------------------------------------+
; Parallel Compilation                     ;
+----------------------------+-------------+
; Processors                 ; Number      ;
+----------------------------+-------------+
; Number detected on machine ; 16          ;
; Maximum allowed            ; 16          ;
;                            ;             ;
; Average used               ; 1.00        ;
; Maximum used               ; 16          ;
;                            ;             ;
; Usage by Processor         ; % Time Used ;
;     Processor 1            ; 100.0%      ;
;     Processor 2            ;   0.0%      ;
;     Processors 3-16        ;   0.0%      ;
+----------------------------+-------------+


+---------------------------------------------------------------------------------------------------------------------------------------------------------------------------------------+
; Analysis & Synthesis Source Files Read                                                                                                                                                ;
+----------------------------------+-----------------+-----------------+------------------------------------------------------------------------------------------------------+---------+
; File Name with User-Entered Path ; Used in Netlist ; File Type       ; File Name with Absolute Path                                                                         ; Library ;
+----------------------------------+-----------------+-----------------+------------------------------------------------------------------------------------------------------+---------+
; HLCP.vhd                         ; yes             ; User VHDL File  ; C:/Users/memof/OneDrive/Profe II/9n0/Interfaces de Computadora/Computer-Interfaces/HLCP/HLCP.vhd     ;         ;
; debounce.vhd                     ; yes             ; User VHDL File  ; C:/Users/memof/OneDrive/Profe II/9n0/Interfaces de Computadora/Computer-Interfaces/HLCP/debounce.vhd ;         ;
; Top.vhd                          ; yes             ; User VHDL File  ; C:/Users/memof/OneDrive/Profe II/9n0/Interfaces de Computadora/Computer-Interfaces/HLCP/Top.vhd      ;         ;
+----------------------------------+-----------------+-----------------+------------------------------------------------------------------------------------------------------+---------+


+---------------------------------------------------------+
; Analysis & Synthesis Resource Usage Summary             ;
+---------------------------------------------+-----------+
; Resource                                    ; Usage     ;
+---------------------------------------------+-----------+
; Estimated Total logic elements              ; 70        ;
;                                             ;           ;
; Total combinational functions               ; 66        ;
; Logic element usage by number of LUT inputs ;           ;
;     -- 4 input functions                    ; 25        ;
;     -- 3 input functions                    ; 15        ;
;     -- <=2 input functions                  ; 26        ;
;                                             ;           ;
; Logic elements by mode                      ;           ;
;     -- normal mode                          ; 48        ;
;     -- arithmetic mode                      ; 18        ;
;                                             ;           ;
; Total registers                             ; 40        ;
;     -- Dedicated logic registers            ; 40        ;
;     -- I/O registers                        ; 0         ;
;                                             ;           ;
; I/O pins                                    ; 13        ;
;                                             ;           ;
; Embedded Multiplier 9-bit elements          ; 0         ;
;                                             ;           ;
; Maximum fan-out node                        ; Clk~input ;
; Maximum fan-out                             ; 38        ;
; Total fan-out                               ; 367       ;
; Average fan-out                             ; 2.78      ;
+---------------------------------------------+-----------+


+------------------------------------------------------------------------------------------------------------------------------------------------------------------------------------------------------------------------------------+
; Analysis & Synthesis Resource Utilization by Entity                                                                                                                                                                                ;
+----------------------------+---------------------+---------------------------+-------------+------------+--------------+---------+-----------+------+--------------+------------+---------------------+-------------+--------------+
; Compilation Hierarchy Node ; Combinational ALUTs ; Dedicated Logic Registers ; Memory Bits ; UFM Blocks ; DSP Elements ; DSP 9x9 ; DSP 18x18 ; Pins ; Virtual Pins ; ADC blocks ; Full Hierarchy Name ; Entity Name ; Library Name ;
+----------------------------+---------------------+---------------------------+-------------+------------+--------------+---------+-----------+------+--------------+------------+---------------------+-------------+--------------+
; |Top                       ; 66 (0)              ; 40 (0)                    ; 0           ; 0          ; 0            ; 0       ; 0         ; 13   ; 0            ; 0          ; |Top                ; Top         ; work         ;
;    |HLCP:U1|               ; 39 (39)             ; 18 (18)                   ; 0           ; 0          ; 0            ; 0       ; 0         ; 0    ; 0            ; 0          ; |Top|HLCP:U1        ; HLCP        ; work         ;
;    |debounce:U2|           ; 27 (27)             ; 22 (22)                   ; 0           ; 0          ; 0            ; 0       ; 0         ; 0    ; 0            ; 0          ; |Top|debounce:U2    ; debounce    ; work         ;
+----------------------------+---------------------+---------------------------+-------------+------------+--------------+---------+-----------+------+--------------+------------+---------------------+-------------+--------------+
Note: For table entries with two numbers listed, the numbers in parentheses indicate the number of resources of the given type used by the specific entity alone. The numbers listed outside of parentheses indicate the total resources of the given type used by the specific entity and all of its sub-entities in the hierarchy.


Encoding Type:  One-Hot
+----------------------------------------------------------------------------------------------------------------------------------------------------------------------------------------------------------------------------------------------------------------------------------------+
; State Machine - |Top|HLCP:U1|pres_state                                                                                                                                                                                                                                                ;
+----------------+----------------+----------------+----------------+----------------+----------------+----------------+----------------+----------------+---------------+---------------+---------------+---------------+---------------+---------------+---------------+---------------+
; Name           ; pres_state.SE7 ; pres_state.SE6 ; pres_state.SE5 ; pres_state.SE4 ; pres_state.SE3 ; pres_state.SE2 ; pres_state.SE1 ; pres_state.SE0 ; pres_state.S7 ; pres_state.S6 ; pres_state.S5 ; pres_state.S4 ; pres_state.S3 ; pres_state.S2 ; pres_state.S1 ; pres_state.S0 ;
+----------------+----------------+----------------+----------------+----------------+----------------+----------------+----------------+----------------+---------------+---------------+---------------+---------------+---------------+---------------+---------------+---------------+
; pres_state.S0  ; 0              ; 0              ; 0              ; 0              ; 0              ; 0              ; 0              ; 0              ; 0             ; 0             ; 0             ; 0             ; 0             ; 0             ; 0             ; 0             ;
; pres_state.S1  ; 0              ; 0              ; 0              ; 0              ; 0              ; 0              ; 0              ; 0              ; 0             ; 0             ; 0             ; 0             ; 0             ; 0             ; 1             ; 1             ;
; pres_state.S2  ; 0              ; 0              ; 0              ; 0              ; 0              ; 0              ; 0              ; 0              ; 0             ; 0             ; 0             ; 0             ; 0             ; 1             ; 0             ; 1             ;
; pres_state.S3  ; 0              ; 0              ; 0              ; 0              ; 0              ; 0              ; 0              ; 0              ; 0             ; 0             ; 0             ; 0             ; 1             ; 0             ; 0             ; 1             ;
; pres_state.S4  ; 0              ; 0              ; 0              ; 0              ; 0              ; 0              ; 0              ; 0              ; 0             ; 0             ; 0             ; 1             ; 0             ; 0             ; 0             ; 1             ;
; pres_state.S5  ; 0              ; 0              ; 0              ; 0              ; 0              ; 0              ; 0              ; 0              ; 0             ; 0             ; 1             ; 0             ; 0             ; 0             ; 0             ; 1             ;
; pres_state.S6  ; 0              ; 0              ; 0              ; 0              ; 0              ; 0              ; 0              ; 0              ; 0             ; 1             ; 0             ; 0             ; 0             ; 0             ; 0             ; 1             ;
; pres_state.S7  ; 0              ; 0              ; 0              ; 0              ; 0              ; 0              ; 0              ; 0              ; 1             ; 0             ; 0             ; 0             ; 0             ; 0             ; 0             ; 1             ;
; pres_state.SE0 ; 0              ; 0              ; 0              ; 0              ; 0              ; 0              ; 0              ; 1              ; 0             ; 0             ; 0             ; 0             ; 0             ; 0             ; 0             ; 1             ;
; pres_state.SE1 ; 0              ; 0              ; 0              ; 0              ; 0              ; 0              ; 1              ; 0              ; 0             ; 0             ; 0             ; 0             ; 0             ; 0             ; 0             ; 1             ;
; pres_state.SE2 ; 0              ; 0              ; 0              ; 0              ; 0              ; 1              ; 0              ; 0              ; 0             ; 0             ; 0             ; 0             ; 0             ; 0             ; 0             ; 1             ;
; pres_state.SE3 ; 0              ; 0              ; 0              ; 0              ; 1              ; 0              ; 0              ; 0              ; 0             ; 0             ; 0             ; 0             ; 0             ; 0             ; 0             ; 1             ;
; pres_state.SE4 ; 0              ; 0              ; 0              ; 1              ; 0              ; 0              ; 0              ; 0              ; 0             ; 0             ; 0             ; 0             ; 0             ; 0             ; 0             ; 1             ;
; pres_state.SE5 ; 0              ; 0              ; 1              ; 0              ; 0              ; 0              ; 0              ; 0              ; 0             ; 0             ; 0             ; 0             ; 0             ; 0             ; 0             ; 1             ;
; pres_state.SE6 ; 0              ; 1              ; 0              ; 0              ; 0              ; 0              ; 0              ; 0              ; 0             ; 0             ; 0             ; 0             ; 0             ; 0             ; 0             ; 1             ;
; pres_state.SE7 ; 1              ; 0              ; 0              ; 0              ; 0              ; 0              ; 0              ; 0              ; 0             ; 0             ; 0             ; 0             ; 0             ; 0             ; 0             ; 1             ;
+----------------+----------------+----------------+----------------+----------------+----------------+----------------+----------------+----------------+---------------+---------------+---------------+---------------+---------------+---------------+---------------+---------------+


+--------------------------------------------------------------------------------+
; Registers Removed During Synthesis                                             ;
+---------------------------------------+----------------------------------------+
; Register name                         ; Reason for Removal                     ;
+---------------------------------------+----------------------------------------+
; HLCP:U1|pres_state.SE7                ; Merged with HLCP:U1|pres_state.S7      ;
; HLCP:U1|pres_state.S7                 ; Stuck at GND due to stuck port data_in ;
; Total Number of Removed Registers = 2 ;                                        ;
+---------------------------------------+----------------------------------------+


+------------------------------------------------------+
; General Register Statistics                          ;
+----------------------------------------------+-------+
; Statistic                                    ; Value ;
+----------------------------------------------+-------+
; Total registers                              ; 40    ;
; Number of registers using Synchronous Clear  ; 19    ;
; Number of registers using Synchronous Load   ; 0     ;
; Number of registers using Asynchronous Clear ; 18    ;
; Number of registers using Asynchronous Load  ; 0     ;
; Number of registers using Clock Enable       ; 34    ;
; Number of registers using Preset             ; 0     ;
+----------------------------------------------+-------+


+------------------------------------------------------------------------------------------------------------------------------------------+
; Multiplexer Restructuring Statistics (Restructuring Performed)                                                                           ;
+--------------------+-----------+---------------+----------------------+------------------------+------------+----------------------------+
; Multiplexer Inputs ; Bus Width ; Baseline Area ; Area if Restructured ; Saving if Restructured ; Registered ; Example Multiplexer Output ;
+--------------------+-----------+---------------+----------------------+------------------------+------------+----------------------------+
; 3:1                ; 19 bits   ; 38 LEs        ; 19 LEs               ; 19 LEs                 ; Yes        ; |Top|debounce:U2|count[0]  ;
+--------------------+-----------+---------------+----------------------+------------------------+------------+----------------------------+


+----------------------------------------------------------+
; Parameter Settings for User Entity Instance: debounce:U2 ;
+----------------+----------+------------------------------+
; Parameter Name ; Value    ; Type                         ;
+----------------+----------+------------------------------+
; clk_freq       ; 50000000 ; Signed Integer               ;
; stable_time    ; 10       ; Signed Integer               ;
+----------------+----------+------------------------------+
Note: In order to hide this table in the UI and the text report file, please set the "Show Parameter Settings in Synthesis Report" option in "Analysis and Synthesis Settings -> More Settings" to "Off".


+-----------------------------------------------------+
; Post-Synthesis Netlist Statistics for Top Partition ;
+-----------------------+-----------------------------+
; Type                  ; Count                       ;
+-----------------------+-----------------------------+
; boundary_port         ; 13                          ;
; cycloneiii_ff         ; 40                          ;
;     CLR               ; 4                           ;
;     ENA               ; 1                           ;
;     ENA CLR           ; 14                          ;
;     ENA SCLR          ; 19                          ;
;     plain             ; 2                           ;
; cycloneiii_lcell_comb ; 68                          ;
;     arith             ; 18                          ;
;         2 data inputs ; 18                          ;
;     normal            ; 50                          ;
;         1 data inputs ; 4                           ;
;         2 data inputs ; 6                           ;
;         3 data inputs ; 15                          ;
;         4 data inputs ; 25                          ;
;                       ;                             ;
; Max LUT depth         ; 4.00                        ;
; Average LUT depth     ; 2.48                        ;
+-----------------------+-----------------------------+


+-------------------------------+
; Elapsed Time Per Partition    ;
+----------------+--------------+
; Partition Name ; Elapsed Time ;
+----------------+--------------+
; Top            ; 00:00:00     ;
+----------------+--------------+


+-------------------------------+
; Analysis & Synthesis Messages ;
+-------------------------------+
Info: *******************************************************************
Info: Running Quartus Prime Analysis & Synthesis
    Info: Version 18.1.0 Build 625 09/12/2018 SJ Lite Edition
    Info: Processing started: Thu Sep 08 00:26:30 2022
Info: Command: quartus_map --read_settings_files=on --write_settings_files=off HLCP -c HLCP
Warning (18236): Number of processors has not been specified which may cause overloading on shared machines.  Set the global assignment NUM_PARALLEL_PROCESSORS in your QSF to an appropriate value for best performance.
Info (20030): Parallel compilation is enabled and will use 16 of the 16 processors detected
Info (12021): Found 2 design units, including 1 entities, in source file hlcp.vhd
    Info (12022): Found design unit 1: HLCP-Arch File: C:/Users/memof/OneDrive/Profe II/9n0/Interfaces de Computadora/Computer-Interfaces/HLCP/HLCP.vhd Line: 25
    Info (12023): Found entity 1: HLCP File: C:/Users/memof/OneDrive/Profe II/9n0/Interfaces de Computadora/Computer-Interfaces/HLCP/HLCP.vhd Line: 14
Info (12021): Found 2 design units, including 1 entities, in source file debounce.vhd
    Info (12022): Found design unit 1: debounce-logic File: C:/Users/memof/OneDrive/Profe II/9n0/Interfaces de Computadora/Computer-Interfaces/HLCP/debounce.vhd Line: 15
    Info (12023): Found entity 1: debounce File: C:/Users/memof/OneDrive/Profe II/9n0/Interfaces de Computadora/Computer-Interfaces/HLCP/debounce.vhd Line: 4
Info (12021): Found 2 design units, including 1 entities, in source file top.vhd
    Info (12022): Found design unit 1: Top-Behavioral File: C:/Users/memof/OneDrive/Profe II/9n0/Interfaces de Computadora/Computer-Interfaces/HLCP/Top.vhd Line: 41
    Info (12023): Found entity 1: Top File: C:/Users/memof/OneDrive/Profe II/9n0/Interfaces de Computadora/Computer-Interfaces/HLCP/Top.vhd Line: 32
Info (12127): Elaborating entity "Top" for the top level hierarchy
Info (12128): Elaborating entity "HLCP" for hierarchy "HLCP:U1" File: C:/Users/memof/OneDrive/Profe II/9n0/Interfaces de Computadora/Computer-Interfaces/HLCP/Top.vhd Line: 68
Warning (10492): VHDL Process Statement warning at HLCP.vhd(87): signal "XY" is read inside the Process Statement but isn't in the Process Statement's sensitivity list File: C:/Users/memof/OneDrive/Profe II/9n0/Interfaces de Computadora/Computer-Interfaces/HLCP/HLCP.vhd Line: 87
Warning (10492): VHDL Process Statement warning at HLCP.vhd(87): signal "Detect" is read inside the Process Statement but isn't in the Process Statement's sensitivity list File: C:/Users/memof/OneDrive/Profe II/9n0/Interfaces de Computadora/Computer-Interfaces/HLCP/HLCP.vhd Line: 87
Warning (10492): VHDL Process Statement warning at HLCP.vhd(92): signal "Entradas" is read inside the Process Statement but isn't in the Process Statement's sensitivity list File: C:/Users/memof/OneDrive/Profe II/9n0/Interfaces de Computadora/Computer-Interfaces/HLCP/HLCP.vhd Line: 92
Warning (10492): VHDL Process Statement warning at HLCP.vhd(94): signal "Entradas" is read inside the Process Statement but isn't in the Process Statement's sensitivity list File: C:/Users/memof/OneDrive/Profe II/9n0/Interfaces de Computadora/Computer-Interfaces/HLCP/HLCP.vhd Line: 94
Warning (10492): VHDL Process Statement warning at HLCP.vhd(102): signal "Entradas" is read inside the Process Statement but isn't in the Process Statement's sensitivity list File: C:/Users/memof/OneDrive/Profe II/9n0/Interfaces de Computadora/Computer-Interfaces/HLCP/HLCP.vhd Line: 102
Warning (10492): VHDL Process Statement warning at HLCP.vhd(104): signal "Entradas" is read inside the Process Statement but isn't in the Process Statement's sensitivity list File: C:/Users/memof/OneDrive/Profe II/9n0/Interfaces de Computadora/Computer-Interfaces/HLCP/HLCP.vhd Line: 104
Warning (10492): VHDL Process Statement warning at HLCP.vhd(111): signal "Entradas" is read inside the Process Statement but isn't in the Process Statement's sensitivity list File: C:/Users/memof/OneDrive/Profe II/9n0/Interfaces de Computadora/Computer-Interfaces/HLCP/HLCP.vhd Line: 111
Warning (10492): VHDL Process Statement warning at HLCP.vhd(113): signal "Entradas" is read inside the Process Statement but isn't in the Process Statement's sensitivity list File: C:/Users/memof/OneDrive/Profe II/9n0/Interfaces de Computadora/Computer-Interfaces/HLCP/HLCP.vhd Line: 113
Warning (10492): VHDL Process Statement warning at HLCP.vhd(121): signal "Entradas" is read inside the Process Statement but isn't in the Process Statement's sensitivity list File: C:/Users/memof/OneDrive/Profe II/9n0/Interfaces de Computadora/Computer-Interfaces/HLCP/HLCP.vhd Line: 121
Warning (10492): VHDL Process Statement warning at HLCP.vhd(123): signal "Entradas" is read inside the Process Statement but isn't in the Process Statement's sensitivity list File: C:/Users/memof/OneDrive/Profe II/9n0/Interfaces de Computadora/Computer-Interfaces/HLCP/HLCP.vhd Line: 123
Warning (10492): VHDL Process Statement warning at HLCP.vhd(130): signal "Entradas" is read inside the Process Statement but isn't in the Process Statement's sensitivity list File: C:/Users/memof/OneDrive/Profe II/9n0/Interfaces de Computadora/Computer-Interfaces/HLCP/HLCP.vhd Line: 130
Warning (10492): VHDL Process Statement warning at HLCP.vhd(132): signal "Entradas" is read inside the Process Statement but isn't in the Process Statement's sensitivity list File: C:/Users/memof/OneDrive/Profe II/9n0/Interfaces de Computadora/Computer-Interfaces/HLCP/HLCP.vhd Line: 132
Warning (10492): VHDL Process Statement warning at HLCP.vhd(140): signal "Entradas" is read inside the Process Statement but isn't in the Process Statement's sensitivity list File: C:/Users/memof/OneDrive/Profe II/9n0/Interfaces de Computadora/Computer-Interfaces/HLCP/HLCP.vhd Line: 140
Warning (10492): VHDL Process Statement warning at HLCP.vhd(142): signal "Entradas" is read inside the Process Statement but isn't in the Process Statement's sensitivity list File: C:/Users/memof/OneDrive/Profe II/9n0/Interfaces de Computadora/Computer-Interfaces/HLCP/HLCP.vhd Line: 142
Warning (10492): VHDL Process Statement warning at HLCP.vhd(149): signal "Entradas" is read inside the Process Statement but isn't in the Process Statement's sensitivity list File: C:/Users/memof/OneDrive/Profe II/9n0/Interfaces de Computadora/Computer-Interfaces/HLCP/HLCP.vhd Line: 149
Warning (10492): VHDL Process Statement warning at HLCP.vhd(152): signal "Entradas" is read inside the Process Statement but isn't in the Process Statement's sensitivity list File: C:/Users/memof/OneDrive/Profe II/9n0/Interfaces de Computadora/Computer-Interfaces/HLCP/HLCP.vhd Line: 152
Warning (10492): VHDL Process Statement warning at HLCP.vhd(161): signal "Entradas" is read inside the Process Statement but isn't in the Process Statement's sensitivity list File: C:/Users/memof/OneDrive/Profe II/9n0/Interfaces de Computadora/Computer-Interfaces/HLCP/HLCP.vhd Line: 161
Warning (10492): VHDL Process Statement warning at HLCP.vhd(163): signal "Entradas" is read inside the Process Statement but isn't in the Process Statement's sensitivity list File: C:/Users/memof/OneDrive/Profe II/9n0/Interfaces de Computadora/Computer-Interfaces/HLCP/HLCP.vhd Line: 163
Warning (10492): VHDL Process Statement warning at HLCP.vhd(171): signal "Entradas" is read inside the Process Statement but isn't in the Process Statement's sensitivity list File: C:/Users/memof/OneDrive/Profe II/9n0/Interfaces de Computadora/Computer-Interfaces/HLCP/HLCP.vhd Line: 171
Warning (10492): VHDL Process Statement warning at HLCP.vhd(173): signal "Entradas" is read inside the Process Statement but isn't in the Process Statement's sensitivity list File: C:/Users/memof/OneDrive/Profe II/9n0/Interfaces de Computadora/Computer-Interfaces/HLCP/HLCP.vhd Line: 173
Warning (10492): VHDL Process Statement warning at HLCP.vhd(180): signal "Entradas" is read inside the Process Statement but isn't in the Process Statement's sensitivity list File: C:/Users/memof/OneDrive/Profe II/9n0/Interfaces de Computadora/Computer-Interfaces/HLCP/HLCP.vhd Line: 180
Warning (10492): VHDL Process Statement warning at HLCP.vhd(182): signal "Entradas" is read inside the Process Statement but isn't in the Process Statement's sensitivity list File: C:/Users/memof/OneDrive/Profe II/9n0/Interfaces de Computadora/Computer-Interfaces/HLCP/HLCP.vhd Line: 182
Warning (10492): VHDL Process Statement warning at HLCP.vhd(190): signal "Entradas" is read inside the Process Statement but isn't in the Process Statement's sensitivity list File: C:/Users/memof/OneDrive/Profe II/9n0/Interfaces de Computadora/Computer-Interfaces/HLCP/HLCP.vhd Line: 190
Warning (10492): VHDL Process Statement warning at HLCP.vhd(192): signal "Entradas" is read inside the Process Statement but isn't in the Process Statement's sensitivity list File: C:/Users/memof/OneDrive/Profe II/9n0/Interfaces de Computadora/Computer-Interfaces/HLCP/HLCP.vhd Line: 192
Warning (10492): VHDL Process Statement warning at HLCP.vhd(199): signal "Entradas" is read inside the Process Statement but isn't in the Process Statement's sensitivity list File: C:/Users/memof/OneDrive/Profe II/9n0/Interfaces de Computadora/Computer-Interfaces/HLCP/HLCP.vhd Line: 199
Warning (10492): VHDL Process Statement warning at HLCP.vhd(201): signal "Entradas" is read inside the Process Statement but isn't in the Process Statement's sensitivity list File: C:/Users/memof/OneDrive/Profe II/9n0/Interfaces de Computadora/Computer-Interfaces/HLCP/HLCP.vhd Line: 201
Warning (10492): VHDL Process Statement warning at HLCP.vhd(209): signal "Entradas" is read inside the Process Statement but isn't in the Process Statement's sensitivity list File: C:/Users/memof/OneDrive/Profe II/9n0/Interfaces de Computadora/Computer-Interfaces/HLCP/HLCP.vhd Line: 209
Warning (10492): VHDL Process Statement warning at HLCP.vhd(211): signal "Entradas" is read inside the Process Statement but isn't in the Process Statement's sensitivity list File: C:/Users/memof/OneDrive/Profe II/9n0/Interfaces de Computadora/Computer-Interfaces/HLCP/HLCP.vhd Line: 211
Warning (10492): VHDL Process Statement warning at HLCP.vhd(218): signal "Entradas" is read inside the Process Statement but isn't in the Process Statement's sensitivity list File: C:/Users/memof/OneDrive/Profe II/9n0/Interfaces de Computadora/Computer-Interfaces/HLCP/HLCP.vhd Line: 218
Warning (10492): VHDL Process Statement warning at HLCP.vhd(221): signal "Entradas" is read inside the Process Statement but isn't in the Process Statement's sensitivity list File: C:/Users/memof/OneDrive/Profe II/9n0/Interfaces de Computadora/Computer-Interfaces/HLCP/HLCP.vhd Line: 221
Warning (10492): VHDL Process Statement warning at HLCP.vhd(299): signal "rising_edge_det" is read inside the Process Statement but isn't in the Process Statement's sensitivity list File: C:/Users/memof/OneDrive/Profe II/9n0/Interfaces de Computadora/Computer-Interfaces/HLCP/HLCP.vhd Line: 299
Info (12128): Elaborating entity "debounce" for hierarchy "debounce:U2" File: C:/Users/memof/OneDrive/Profe II/9n0/Interfaces de Computadora/Computer-Interfaces/HLCP/Top.vhd Line: 78
Info (286030): Timing-Driven Synthesis is running
Info (16010): Generating hard_block partition "hard_block:auto_generated_inst"
    Info (16011): Adding 0 node(s), including 0 DDIO, 0 PLL, 0 transceiver and 0 LCELL
Info (21057): Implemented 83 device resources after synthesis - the final resource count might be different
    Info (21058): Implemented 5 input pins
    Info (21059): Implemented 8 output pins
    Info (21061): Implemented 70 logic cells
Info: Quartus Prime Analysis & Synthesis was successful. 0 errors, 32 warnings
    Info: Peak virtual memory: 4853 megabytes
    Info: Processing ended: Thu Sep 08 00:26:41 2022
    Info: Elapsed time: 00:00:11
    Info: Total CPU time (on all processors): 00:00:24


