Analysis & Synthesis report for RIVETER
Wed Sep 14 21:03:06 2022
Quartus Prime Version 18.1.0 Build 625 09/12/2018 SJ Lite Edition


---------------------
; Table of Contents ;
---------------------
  1. Legal Notice
  2. Analysis & Synthesis Summary
  3. Analysis & Synthesis Settings
  4. Parallel Compilation
  5. Analysis & Synthesis Source Files Read
  6. Analysis & Synthesis Resource Usage Summary
  7. Analysis & Synthesis Resource Utilization by Entity
  8. Registers Removed During Synthesis
  9. General Register Statistics
 10. Multiplexer Restructuring Statistics (Restructuring Performed)
 11. Parameter Settings for User Entity Instance: debounce:U1
 12. Port Connectivity Checks: "RIVETER:U2|mux2to1:U7"
 13. Port Connectivity Checks: "RIVETER:U2|mux2to1:U6"
 14. Port Connectivity Checks: "RIVETER:U2|decoder:U5"
 15. Port Connectivity Checks: "RIVETER:U2|mux2to1:U4"
 16. Port Connectivity Checks: "RIVETER:U2|mux2to1:U3"
 17. Port Connectivity Checks: "RIVETER:U2|UniversalShiftRegister:U2"
 18. Port Connectivity Checks: "RIVETER:U2|decoder:U1"
 19. Port Connectivity Checks: "RIVETER:U2"
 20. Post-Synthesis Netlist Statistics for Top Partition
 21. Elapsed Time Per Partition
 22. Analysis & Synthesis Messages



----------------
; Legal Notice ;
----------------
Copyright (C) 2018  Intel Corporation. All rights reserved.
Your use of Intel Corporation's design tools, logic functions 
and other software and tools, and its AMPP partner logic 
functions, and any output files from any of the foregoing 
(including device programming or simulation files), and any 
associated documentation or information are expressly subject 
to the terms and conditions of the Intel Program License 
Subscription Agreement, the Intel Quartus Prime License Agreement,
the Intel FPGA IP License Agreement, or other applicable license
agreement, including, without limitation, that your use is for
the sole purpose of programming logic devices manufactured by
Intel and sold by Intel or its authorized distributors.  Please
refer to the applicable agreement for further details.



+----------------------------------------------------------------------------------+
; Analysis & Synthesis Summary                                                     ;
+------------------------------------+---------------------------------------------+
; Analysis & Synthesis Status        ; Successful - Wed Sep 14 21:03:06 2022       ;
; Quartus Prime Version              ; 18.1.0 Build 625 09/12/2018 SJ Lite Edition ;
; Revision Name                      ; RIVETER                                     ;
; Top-level Entity Name              ; FPGARiveter                                 ;
; Family                             ; MAX 10                                      ;
; Total logic elements               ; 40                                          ;
;     Total combinational functions  ; 37                                          ;
;     Dedicated logic registers      ; 26                                          ;
; Total registers                    ; 26                                          ;
; Total pins                         ; 9                                           ;
; Total virtual pins                 ; 0                                           ;
; Total memory bits                  ; 0                                           ;
; Embedded Multiplier 9-bit elements ; 0                                           ;
; Total PLLs                         ; 0                                           ;
; UFM blocks                         ; 0                                           ;
; ADC blocks                         ; 0                                           ;
+------------------------------------+---------------------------------------------+


+------------------------------------------------------------------------------------------------------------+
; Analysis & Synthesis Settings                                                                              ;
+------------------------------------------------------------------+--------------------+--------------------+
; Option                                                           ; Setting            ; Default Value      ;
+------------------------------------------------------------------+--------------------+--------------------+
; Device                                                           ; 10M50DAF484C7G     ;                    ;
; Top-level entity name                                            ; FPGARiveter        ; RIVETER            ;
; Family name                                                      ; MAX 10             ; Cyclone V          ;
; Use smart compilation                                            ; Off                ; Off                ;
; Enable parallel Assembler and Timing Analyzer during compilation ; On                 ; On                 ;
; Enable compact report table                                      ; Off                ; Off                ;
; Restructure Multiplexers                                         ; Auto               ; Auto               ;
; Create Debugging Nodes for IP Cores                              ; Off                ; Off                ;
; Preserve fewer node names                                        ; On                 ; On                 ;
; Intel FPGA IP Evaluation Mode                                    ; Enable             ; Enable             ;
; Verilog Version                                                  ; Verilog_2001       ; Verilog_2001       ;
; VHDL Version                                                     ; VHDL_1993          ; VHDL_1993          ;
; State Machine Processing                                         ; Auto               ; Auto               ;
; Safe State Machine                                               ; Off                ; Off                ;
; Extract Verilog State Machines                                   ; On                 ; On                 ;
; Extract VHDL State Machines                                      ; On                 ; On                 ;
; Ignore Verilog initial constructs                                ; Off                ; Off                ;
; Iteration limit for constant Verilog loops                       ; 5000               ; 5000               ;
; Iteration limit for non-constant Verilog loops                   ; 250                ; 250                ;
; Add Pass-Through Logic to Inferred RAMs                          ; On                 ; On                 ;
; Infer RAMs from Raw Logic                                        ; On                 ; On                 ;
; Parallel Synthesis                                               ; On                 ; On                 ;
; DSP Block Balancing                                              ; Auto               ; Auto               ;
; NOT Gate Push-Back                                               ; On                 ; On                 ;
; Power-Up Don't Care                                              ; On                 ; On                 ;
; Remove Redundant Logic Cells                                     ; Off                ; Off                ;
; Remove Duplicate Registers                                       ; On                 ; On                 ;
; Ignore CARRY Buffers                                             ; Off                ; Off                ;
; Ignore CASCADE Buffers                                           ; Off                ; Off                ;
; Ignore GLOBAL Buffers                                            ; Off                ; Off                ;
; Ignore ROW GLOBAL Buffers                                        ; Off                ; Off                ;
; Ignore LCELL Buffers                                             ; Off                ; Off                ;
; Ignore SOFT Buffers                                              ; On                 ; On                 ;
; Limit AHDL Integers to 32 Bits                                   ; Off                ; Off                ;
; Optimization Technique                                           ; Balanced           ; Balanced           ;
; Carry Chain Length                                               ; 70                 ; 70                 ;
; Auto Carry Chains                                                ; On                 ; On                 ;
; Auto Open-Drain Pins                                             ; On                 ; On                 ;
; Perform WYSIWYG Primitive Resynthesis                            ; Off                ; Off                ;
; Auto ROM Replacement                                             ; On                 ; On                 ;
; Auto RAM Replacement                                             ; On                 ; On                 ;
; Auto DSP Block Replacement                                       ; On                 ; On                 ;
; Auto Shift Register Replacement                                  ; Auto               ; Auto               ;
; Allow Shift Register Merging across Hierarchies                  ; Auto               ; Auto               ;
; Auto Clock Enable Replacement                                    ; On                 ; On                 ;
; Strict RAM Replacement                                           ; Off                ; Off                ;
; Allow Synchronous Control Signals                                ; On                 ; On                 ;
; Force Use of Synchronous Clear Signals                           ; Off                ; Off                ;
; Auto RAM Block Balancing                                         ; On                 ; On                 ;
; Auto RAM to Logic Cell Conversion                                ; Off                ; Off                ;
; Auto Resource Sharing                                            ; Off                ; Off                ;
; Allow Any RAM Size For Recognition                               ; Off                ; Off                ;
; Allow Any ROM Size For Recognition                               ; Off                ; Off                ;
; Allow Any Shift Register Size For Recognition                    ; Off                ; Off                ;
; Use LogicLock Constraints during Resource Balancing              ; On                 ; On                 ;
; Ignore translate_off and synthesis_off directives                ; Off                ; Off                ;
; Timing-Driven Synthesis                                          ; On                 ; On                 ;
; Report Parameter Settings                                        ; On                 ; On                 ;
; Report Source Assignments                                        ; On                 ; On                 ;
; Report Connectivity Checks                                       ; On                 ; On                 ;
; Ignore Maximum Fan-Out Assignments                               ; Off                ; Off                ;
; Synchronization Register Chain Length                            ; 2                  ; 2                  ;
; Power Optimization During Synthesis                              ; Normal compilation ; Normal compilation ;
; HDL message level                                                ; Level2             ; Level2             ;
; Suppress Register Optimization Related Messages                  ; Off                ; Off                ;
; Number of Removed Registers Reported in Synthesis Report         ; 5000               ; 5000               ;
; Number of Swept Nodes Reported in Synthesis Report               ; 5000               ; 5000               ;
; Number of Inverted Registers Reported in Synthesis Report        ; 100                ; 100                ;
; Clock MUX Protection                                             ; On                 ; On                 ;
; Auto Gated Clock Conversion                                      ; Off                ; Off                ;
; Block Design Naming                                              ; Auto               ; Auto               ;
; SDC constraint protection                                        ; Off                ; Off                ;
; Synthesis Effort                                                 ; Auto               ; Auto               ;
; Shift Register Replacement - Allow Asynchronous Clear Signal     ; On                 ; On                 ;
; Pre-Mapping Resynthesis Optimization                             ; Off                ; Off                ;
; Analysis & Synthesis Message Level                               ; Medium             ; Medium             ;
; Disable Register Merging Across Hierarchies                      ; Auto               ; Auto               ;
; Resource Aware Inference For Block RAM                           ; On                 ; On                 ;
+------------------------------------------------------------------+--------------------+--------------------+


+------------------------------------------+
; Parallel Compilation                     ;
+----------------------------+-------------+
; Processors                 ; Number      ;
+----------------------------+-------------+
; Number detected on machine ; 16          ;
; Maximum allowed            ; 16          ;
;                            ;             ;
; Average used               ; 1.00        ;
; Maximum used               ; 16          ;
;                            ;             ;
; Usage by Processor         ; % Time Used ;
;     Processor 1            ; 100.0%      ;
;     Processors 2-16        ;   0.0%      ;
+----------------------------+-------------+


+------------------------------------------------------------------------------------------------------------------------------------------------------------------------------------------------------------+
; Analysis & Synthesis Source Files Read                                                                                                                                                                     ;
+----------------------------------+-----------------+-----------------+---------------------------------------------------------------------------------------------------------------------------+---------+
; File Name with User-Entered Path ; Used in Netlist ; File Type       ; File Name with Absolute Path                                                                                              ; Library ;
+----------------------------------+-----------------+-----------------+---------------------------------------------------------------------------------------------------------------------------+---------+
; mux2to1.vhd                      ; yes             ; User VHDL File  ; C:/Users/memof/OneDrive/Profe II/9n0/Interfaces de Computadora/Computer-Interfaces/MSI Riveter/mux2to1.vhd                ;         ;
; Decoder.vhd                      ; yes             ; User VHDL File  ; C:/Users/memof/OneDrive/Profe II/9n0/Interfaces de Computadora/Computer-Interfaces/MSI Riveter/Decoder.vhd                ;         ;
; RIVETER.vhd                      ; yes             ; User VHDL File  ; C:/Users/memof/OneDrive/Profe II/9n0/Interfaces de Computadora/Computer-Interfaces/MSI Riveter/RIVETER.vhd                ;         ;
; UniversalShiftRegister.vhd       ; yes             ; User VHDL File  ; C:/Users/memof/OneDrive/Profe II/9n0/Interfaces de Computadora/Computer-Interfaces/MSI Riveter/UniversalShiftRegister.vhd ;         ;
; FPGARiveter.vhd                  ; yes             ; User VHDL File  ; C:/Users/memof/OneDrive/Profe II/9n0/Interfaces de Computadora/Computer-Interfaces/MSI Riveter/FPGARiveter.vhd            ;         ;
; debounce.vhd                     ; yes             ; User VHDL File  ; C:/Users/memof/OneDrive/Profe II/9n0/Interfaces de Computadora/Computer-Interfaces/MSI Riveter/debounce.vhd               ;         ;
+----------------------------------+-----------------+-----------------+---------------------------------------------------------------------------------------------------------------------------+---------+


+---------------------------------------------------------+
; Analysis & Synthesis Resource Usage Summary             ;
+---------------------------------------------+-----------+
; Resource                                    ; Usage     ;
+---------------------------------------------+-----------+
; Estimated Total logic elements              ; 40        ;
;                                             ;           ;
; Total combinational functions               ; 37        ;
; Logic element usage by number of LUT inputs ;           ;
;     -- 4 input functions                    ; 9         ;
;     -- 3 input functions                    ; 2         ;
;     -- <=2 input functions                  ; 26        ;
;                                             ;           ;
; Logic elements by mode                      ;           ;
;     -- normal mode                          ; 19        ;
;     -- arithmetic mode                      ; 18        ;
;                                             ;           ;
; Total registers                             ; 26        ;
;     -- Dedicated logic registers            ; 26        ;
;     -- I/O registers                        ; 0         ;
;                                             ;           ;
; I/O pins                                    ; 9         ;
;                                             ;           ;
; Embedded Multiplier 9-bit elements          ; 0         ;
;                                             ;           ;
; Maximum fan-out node                        ; Clk~input ;
; Maximum fan-out                             ; 26        ;
; Total fan-out                               ; 199       ;
; Average fan-out                             ; 2.46      ;
+---------------------------------------------+-----------+


+------------------------------------------------------------------------------------------------------------------------------------------------------------------------------------------------------------------------------------------------------------------------------------+
; Analysis & Synthesis Resource Utilization by Entity                                                                                                                                                                                                                                ;
+-----------------------------------+---------------------+---------------------------+-------------+------------+--------------+---------+-----------+------+--------------+------------+---------------------------------------------------+------------------------+--------------+
; Compilation Hierarchy Node        ; Combinational ALUTs ; Dedicated Logic Registers ; Memory Bits ; UFM Blocks ; DSP Elements ; DSP 9x9 ; DSP 18x18 ; Pins ; Virtual Pins ; ADC blocks ; Full Hierarchy Name                               ; Entity Name            ; Library Name ;
+-----------------------------------+---------------------+---------------------------+-------------+------------+--------------+---------+-----------+------+--------------+------------+---------------------------------------------------+------------------------+--------------+
; |FPGARiveter                      ; 37 (2)              ; 26 (2)                    ; 0           ; 0          ; 0            ; 0       ; 0         ; 9    ; 0            ; 0          ; |FPGARiveter                                      ; FPGARiveter            ; work         ;
;    |RIVETER:U2|                   ; 8 (1)               ; 2 (0)                     ; 0           ; 0          ; 0            ; 0       ; 0         ; 0    ; 0            ; 0          ; |FPGARiveter|RIVETER:U2                           ; RIVETER                ; work         ;
;       |UniversalShiftRegister:U2| ; 2 (2)               ; 2 (2)                     ; 0           ; 0          ; 0            ; 0       ; 0         ; 0    ; 0            ; 0          ; |FPGARiveter|RIVETER:U2|UniversalShiftRegister:U2 ; UniversalShiftRegister ; work         ;
;       |decoder:U1|                ; 2 (2)               ; 0 (0)                     ; 0           ; 0          ; 0            ; 0       ; 0         ; 0    ; 0            ; 0          ; |FPGARiveter|RIVETER:U2|decoder:U1                ; decoder                ; work         ;
;       |decoder:U5|                ; 1 (1)               ; 0 (0)                     ; 0           ; 0          ; 0            ; 0       ; 0         ; 0    ; 0            ; 0          ; |FPGARiveter|RIVETER:U2|decoder:U5                ; decoder                ; work         ;
;       |mux2to1:U3|                ; 1 (1)               ; 0 (0)                     ; 0           ; 0          ; 0            ; 0       ; 0         ; 0    ; 0            ; 0          ; |FPGARiveter|RIVETER:U2|mux2to1:U3                ; mux2to1                ; work         ;
;       |mux2to1:U4|                ; 1 (1)               ; 0 (0)                     ; 0           ; 0          ; 0            ; 0       ; 0         ; 0    ; 0            ; 0          ; |FPGARiveter|RIVETER:U2|mux2to1:U4                ; mux2to1                ; work         ;
;    |debounce:U1|                  ; 27 (27)             ; 22 (22)                   ; 0           ; 0          ; 0            ; 0       ; 0         ; 0    ; 0            ; 0          ; |FPGARiveter|debounce:U1                          ; debounce               ; work         ;
+-----------------------------------+---------------------+---------------------------+-------------+------------+--------------+---------+-----------+------+--------------+------------+---------------------------------------------------+------------------------+--------------+
Note: For table entries with two numbers listed, the numbers in parentheses indicate the number of resources of the given type used by the specific entity alone. The numbers listed outside of parentheses indicate the total resources of the given type used by the specific entity and all of its sub-entities in the hierarchy.


+--------------------------------------------------------------------------------------------+
; Registers Removed During Synthesis                                                         ;
+---------------------------------------------------+----------------------------------------+
; Register name                                     ; Reason for Removal                     ;
+---------------------------------------------------+----------------------------------------+
; RIVETER:U2|UniversalShiftRegister:U2|Regist[2..7] ; Stuck at GND due to stuck port data_in ;
; Total Number of Removed Registers = 6             ;                                        ;
+---------------------------------------------------+----------------------------------------+


+------------------------------------------------------+
; General Register Statistics                          ;
+----------------------------------------------+-------+
; Statistic                                    ; Value ;
+----------------------------------------------+-------+
; Total registers                              ; 26    ;
; Number of registers using Synchronous Clear  ; 19    ;
; Number of registers using Synchronous Load   ; 0     ;
; Number of registers using Asynchronous Clear ; 5     ;
; Number of registers using Asynchronous Load  ; 0     ;
; Number of registers using Clock Enable       ; 19    ;
; Number of registers using Preset             ; 0     ;
+----------------------------------------------+-------+


+--------------------------------------------------------------------------------------------------------------------------------------------------+
; Multiplexer Restructuring Statistics (Restructuring Performed)                                                                                   ;
+--------------------+-----------+---------------+----------------------+------------------------+------------+------------------------------------+
; Multiplexer Inputs ; Bus Width ; Baseline Area ; Area if Restructured ; Saving if Restructured ; Registered ; Example Multiplexer Output         ;
+--------------------+-----------+---------------+----------------------+------------------------+------------+------------------------------------+
; 3:1                ; 19 bits   ; 38 LEs        ; 19 LEs               ; 19 LEs                 ; Yes        ; |FPGARiveter|debounce:U1|count[18] ;
+--------------------+-----------+---------------+----------------------+------------------------+------------+------------------------------------+


+----------------------------------------------------------+
; Parameter Settings for User Entity Instance: debounce:U1 ;
+----------------+----------+------------------------------+
; Parameter Name ; Value    ; Type                         ;
+----------------+----------+------------------------------+
; clk_freq       ; 50000000 ; Signed Integer               ;
; stable_time    ; 10       ; Signed Integer               ;
+----------------+----------+------------------------------+
Note: In order to hide this table in the UI and the text report file, please set the "Show Parameter Settings in Synthesis Report" option in "Analysis and Synthesis Settings -> More Settings" to "Off".


+---------------------------------------------------+
; Port Connectivity Checks: "RIVETER:U2|mux2to1:U7" ;
+------+-------+----------+-------------------------+
; Port ; Type  ; Severity ; Details                 ;
+------+-------+----------+-------------------------+
; x1   ; Input ; Info     ; Stuck at VCC            ;
+------+-------+----------+-------------------------+


+---------------------------------------------------+
; Port Connectivity Checks: "RIVETER:U2|mux2to1:U6" ;
+------+-------+----------+-------------------------+
; Port ; Type  ; Severity ; Details                 ;
+------+-------+----------+-------------------------+
; x1   ; Input ; Info     ; Stuck at VCC            ;
+------+-------+----------+-------------------------+


+--------------------------------------------------------------------------------------------------------------------+
; Port Connectivity Checks: "RIVETER:U2|decoder:U5"                                                                  ;
+----------+--------+----------+-------------------------------------------------------------------------------------+
; Port     ; Type   ; Severity ; Details                                                                             ;
+----------+--------+----------+-------------------------------------------------------------------------------------+
; a[3..2]  ; Input  ; Info     ; Stuck at GND                                                                        ;
; b[15..4] ; Output ; Info     ; Connected to dangling logic. Logic that only feeds a dangling port will be removed. ;
; b[0]     ; Output ; Info     ; Connected to dangling logic. Logic that only feeds a dangling port will be removed. ;
+----------+--------+----------+-------------------------------------------------------------------------------------+


+---------------------------------------------------+
; Port Connectivity Checks: "RIVETER:U2|mux2to1:U4" ;
+------+-------+----------+-------------------------+
; Port ; Type  ; Severity ; Details                 ;
+------+-------+----------+-------------------------+
; x1   ; Input ; Info     ; Stuck at VCC            ;
+------+-------+----------+-------------------------+


+---------------------------------------------------+
; Port Connectivity Checks: "RIVETER:U2|mux2to1:U3" ;
+------+-------+----------+-------------------------+
; Port ; Type  ; Severity ; Details                 ;
+------+-------+----------+-------------------------+
; x1   ; Input ; Info     ; Stuck at VCC            ;
+------+-------+----------+-------------------------+


+----------------------------------------------------------------------------------------------------------------------+
; Port Connectivity Checks: "RIVETER:U2|UniversalShiftRegister:U2"                                                     ;
+------------+--------+----------+-------------------------------------------------------------------------------------+
; Port       ; Type   ; Severity ; Details                                                                             ;
+------------+--------+----------+-------------------------------------------------------------------------------------+
; sel[3..1]  ; Input  ; Info     ; Stuck at GND                                                                        ;
; sel[0]     ; Input  ; Info     ; Stuck at VCC                                                                        ;
; n          ; Input  ; Info     ; Stuck at GND                                                                        ;
; pout[7..2] ; Output ; Info     ; Connected to dangling logic. Logic that only feeds a dangling port will be removed. ;
+------------+--------+----------+-------------------------------------------------------------------------------------+


+--------------------------------------------------------------------------------------------------------------------+
; Port Connectivity Checks: "RIVETER:U2|decoder:U1"                                                                  ;
+----------+--------+----------+-------------------------------------------------------------------------------------+
; Port     ; Type   ; Severity ; Details                                                                             ;
+----------+--------+----------+-------------------------------------------------------------------------------------+
; b[13..6] ; Output ; Info     ; Connected to dangling logic. Logic that only feeds a dangling port will be removed. ;
; b[4..1]  ; Output ; Info     ; Connected to dangling logic. Logic that only feeds a dangling port will be removed. ;
; b[15]    ; Output ; Info     ; Connected to dangling logic. Logic that only feeds a dangling port will be removed. ;
+----------+--------+----------+-------------------------------------------------------------------------------------+


+---------------------------------------------------------------------------------------------------------------------+
; Port Connectivity Checks: "RIVETER:U2"                                                                              ;
+-----------+--------+----------+-------------------------------------------------------------------------------------+
; Port      ; Type   ; Severity ; Details                                                                             ;
+-----------+--------+----------+-------------------------------------------------------------------------------------+
; en_de     ; Output ; Info     ; Connected to dangling logic. Logic that only feeds a dangling port will be removed. ;
; reg_debug ; Output ; Info     ; Connected to dangling logic. Logic that only feeds a dangling port will be removed. ;
+-----------+--------+----------+-------------------------------------------------------------------------------------+


+-----------------------------------------------------+
; Post-Synthesis Netlist Statistics for Top Partition ;
+-----------------------+-----------------------------+
; Type                  ; Count                       ;
+-----------------------+-----------------------------+
; boundary_port         ; 9                           ;
; cycloneiii_ff         ; 26                          ;
;     CLR               ; 5                           ;
;     ENA SCLR          ; 19                          ;
;     plain             ; 2                           ;
; cycloneiii_lcell_comb ; 38                          ;
;     arith             ; 18                          ;
;         2 data inputs ; 18                          ;
;     normal            ; 20                          ;
;         1 data inputs ; 2                           ;
;         2 data inputs ; 7                           ;
;         3 data inputs ; 2                           ;
;         4 data inputs ; 9                           ;
;                       ;                             ;
; Max LUT depth         ; 4.00                        ;
; Average LUT depth     ; 2.60                        ;
+-----------------------+-----------------------------+


+-------------------------------+
; Elapsed Time Per Partition    ;
+----------------+--------------+
; Partition Name ; Elapsed Time ;
+----------------+--------------+
; Top            ; 00:00:00     ;
+----------------+--------------+


+-------------------------------+
; Analysis & Synthesis Messages ;
+-------------------------------+
Info: *******************************************************************
Info: Running Quartus Prime Analysis & Synthesis
    Info: Version 18.1.0 Build 625 09/12/2018 SJ Lite Edition
    Info: Processing started: Wed Sep 14 21:02:57 2022
Info: Command: quartus_map --read_settings_files=on --write_settings_files=off RIVETER -c RIVETER
Warning (18236): Number of processors has not been specified which may cause overloading on shared machines.  Set the global assignment NUM_PARALLEL_PROCESSORS in your QSF to an appropriate value for best performance.
Info (20030): Parallel compilation is enabled and will use 16 of the 16 processors detected
Info (12021): Found 2 design units, including 1 entities, in source file mux2to1.vhd
    Info (12022): Found design unit 1: mux2to1-bhv File: C:/Users/memof/OneDrive/Profe II/9n0/Interfaces de Computadora/Computer-Interfaces/MSI Riveter/mux2to1.vhd Line: 11
    Info (12023): Found entity 1: mux2to1 File: C:/Users/memof/OneDrive/Profe II/9n0/Interfaces de Computadora/Computer-Interfaces/MSI Riveter/mux2to1.vhd Line: 4
Info (12021): Found 2 design units, including 1 entities, in source file decoder.vhd
    Info (12022): Found design unit 1: decoder-bhv File: C:/Users/memof/OneDrive/Profe II/9n0/Interfaces de Computadora/Computer-Interfaces/MSI Riveter/Decoder.vhd Line: 11
    Info (12023): Found entity 1: decoder File: C:/Users/memof/OneDrive/Profe II/9n0/Interfaces de Computadora/Computer-Interfaces/MSI Riveter/Decoder.vhd Line: 4
Info (12021): Found 2 design units, including 1 entities, in source file riveter.vhd
    Info (12022): Found design unit 1: RIVETER-Behavioral File: C:/Users/memof/OneDrive/Profe II/9n0/Interfaces de Computadora/Computer-Interfaces/MSI Riveter/RIVETER.vhd Line: 46
    Info (12023): Found entity 1: RIVETER File: C:/Users/memof/OneDrive/Profe II/9n0/Interfaces de Computadora/Computer-Interfaces/MSI Riveter/RIVETER.vhd Line: 32
Info (12021): Found 2 design units, including 1 entities, in source file universalshiftregister.vhd
    Info (12022): Found design unit 1: UniversalShiftRegister-Behavioral File: C:/Users/memof/OneDrive/Profe II/9n0/Interfaces de Computadora/Computer-Interfaces/MSI Riveter/UniversalShiftRegister.vhd Line: 27
    Info (12023): Found entity 1: UniversalShiftRegister File: C:/Users/memof/OneDrive/Profe II/9n0/Interfaces de Computadora/Computer-Interfaces/MSI Riveter/UniversalShiftRegister.vhd Line: 17
Info (12021): Found 2 design units, including 1 entities, in source file fpgariveter.vhd
    Info (12022): Found design unit 1: FPGARiveter-Behavioral File: C:/Users/memof/OneDrive/Profe II/9n0/Interfaces de Computadora/Computer-Interfaces/MSI Riveter/FPGARiveter.vhd Line: 43
    Info (12023): Found entity 1: FPGARiveter File: C:/Users/memof/OneDrive/Profe II/9n0/Interfaces de Computadora/Computer-Interfaces/MSI Riveter/FPGARiveter.vhd Line: 32
Info (12021): Found 2 design units, including 1 entities, in source file debounce.vhd
    Info (12022): Found design unit 1: debounce-logic File: C:/Users/memof/OneDrive/Profe II/9n0/Interfaces de Computadora/Computer-Interfaces/MSI Riveter/debounce.vhd Line: 15
    Info (12023): Found entity 1: debounce File: C:/Users/memof/OneDrive/Profe II/9n0/Interfaces de Computadora/Computer-Interfaces/MSI Riveter/debounce.vhd Line: 4
Info (12127): Elaborating entity "FPGARiveter" for the top level hierarchy
Warning (10492): VHDL Process Statement warning at FPGARiveter.vhd(116): signal "rising_edge_det" is read inside the Process Statement but isn't in the Process Statement's sensitivity list File: C:/Users/memof/OneDrive/Profe II/9n0/Interfaces de Computadora/Computer-Interfaces/MSI Riveter/FPGARiveter.vhd Line: 116
Info (12128): Elaborating entity "debounce" for hierarchy "debounce:U1" File: C:/Users/memof/OneDrive/Profe II/9n0/Interfaces de Computadora/Computer-Interfaces/MSI Riveter/FPGARiveter.vhd Line: 74
Info (12128): Elaborating entity "RIVETER" for hierarchy "RIVETER:U2" File: C:/Users/memof/OneDrive/Profe II/9n0/Interfaces de Computadora/Computer-Interfaces/MSI Riveter/FPGARiveter.vhd Line: 83
Critical Warning (10920): VHDL Incomplete Partial Association warning at RIVETER.vhd(89): port or argument "Data" has 6/8 unassociated elements File: C:/Users/memof/OneDrive/Profe II/9n0/Interfaces de Computadora/Computer-Interfaces/MSI Riveter/RIVETER.vhd Line: 89
Critical Warning (10920): VHDL Incomplete Partial Association warning at RIVETER.vhd(117): port or argument "B" has 12/16 unassociated elements File: C:/Users/memof/OneDrive/Profe II/9n0/Interfaces de Computadora/Computer-Interfaces/MSI Riveter/RIVETER.vhd Line: 117
Info (12128): Elaborating entity "decoder" for hierarchy "RIVETER:U2|decoder:U1" File: C:/Users/memof/OneDrive/Profe II/9n0/Interfaces de Computadora/Computer-Interfaces/MSI Riveter/RIVETER.vhd Line: 82
Info (12128): Elaborating entity "UniversalShiftRegister" for hierarchy "RIVETER:U2|UniversalShiftRegister:U2" File: C:/Users/memof/OneDrive/Profe II/9n0/Interfaces de Computadora/Computer-Interfaces/MSI Riveter/RIVETER.vhd Line: 89
Info (12128): Elaborating entity "mux2to1" for hierarchy "RIVETER:U2|mux2to1:U3" File: C:/Users/memof/OneDrive/Profe II/9n0/Interfaces de Computadora/Computer-Interfaces/MSI Riveter/RIVETER.vhd Line: 100
Info (10041): Inferred latch for "y" at mux2to1.vhd(16) File: C:/Users/memof/OneDrive/Profe II/9n0/Interfaces de Computadora/Computer-Interfaces/MSI Riveter/mux2to1.vhd Line: 16
Info (286030): Timing-Driven Synthesis is running
Info (16010): Generating hard_block partition "hard_block:auto_generated_inst"
    Info (16011): Adding 0 node(s), including 0 DDIO, 0 PLL, 0 transceiver and 0 LCELL
Info (21057): Implemented 49 device resources after synthesis - the final resource count might be different
    Info (21058): Implemented 7 input pins
    Info (21059): Implemented 2 output pins
    Info (21061): Implemented 40 logic cells
Info: Quartus Prime Analysis & Synthesis was successful. 0 errors, 4 warnings
    Info: Peak virtual memory: 4853 megabytes
    Info: Processing ended: Wed Sep 14 21:03:06 2022
    Info: Elapsed time: 00:00:09
    Info: Total CPU time (on all processors): 00:00:19


