JvmtiExport can_access_local_variables 0
JvmtiExport can_hotswap_or_post_breakpoint 0
JvmtiExport can_post_on_exceptions 0
# 325 ciObject found
ciMethod java/lang/Object <init> ()V 4097 1 140107 0 0
ciMethod java/lang/Object hashCode ()I 2049 1 256 0 -1
ciMethod java/lang/Object equals (Ljava/lang/Object;)Z 2169 1 1546 0 -1
ciMethod java/lang/Object toString ()Ljava/lang/String; 0 0 1 0 -1
ciMethod java/lang/String <init> ([CII)V 4097 1 5696 0 576
ciMethod java/lang/String <init> ([CZ)V 2057 1 5666 0 -1
ciMethod java/lang/String length ()I 4097 1 49653 0 0
ciMethod java/lang/String charAt (I)C 4097 1 273981 0 128
ciMethod java/lang/String codePointAt (I)I 1 1 6985 0 224
ciMethod java/lang/String getChars (II[CI)V 4097 1 5720 0 -1
ciMethod java/lang/String equalsIgnoreCase (Ljava/lang/String;)Z 1 1 4800 0 0
ciMethod java/lang/String regionMatches (ZILjava/lang/String;II)Z 1089 401 3739 0 0
ciMethod java/lang/String startsWith (Ljava/lang/String;I)Z 3073 721 5786 0 384
ciMethod java/lang/String startsWith (Ljava/lang/String;)Z 2049 1 16505 0 320
ciMethod java/lang/String endsWith (Ljava/lang/String;)Z 2081 1 7218 0 -1
ciMethod java/lang/String indexOf (I)I 4097 1 16337 0 320
ciMethod java/lang/String indexOf (II)I 1657 73729 1309 0 352
ciMethod java/lang/String indexOfSupplementary (II)I 0 0 1 0 -1
ciMethod java/lang/String lastIndexOf (I)I 2049 1 8696 0 -1
ciMethod java/lang/String lastIndexOf (II)I 1337 107017 920 0 -1
ciMethod java/lang/String lastIndexOfSupplementary (II)I 0 0 1 0 -1
ciMethod java/lang/String indexOf (Ljava/lang/String;)I 2161 1 3696 0 -1
ciMethod java/lang/String indexOf (Ljava/lang/String;I)I 3105 1 4964 0 -1
ciMethod java/lang/String substring (I)Ljava/lang/String; 1337 1 2717 0 0
ciMethod java/lang/String substring (II)Ljava/lang/String; 2825 1 7989 0 800
ciMethod java/lang/String replace (CC)Ljava/lang/String; 985 41689 892 0 992
ciMethod java/lang/String toLowerCase (Ljava/util/Locale;)Ljava/lang/String; 1673 16769 1811 0 -1
ciMethod java/lang/String toLowerCase ()Ljava/lang/String; 2073 1 3357 0 0
ciMethod java/lang/String trim ()Ljava/lang/String; 2097 5361 1466 0 0
ciMethod java/lang/String valueOf (Ljava/lang/Object;)Ljava/lang/String; 1801 1 576 0 -1
ciMethod java/lang/Class forName (Ljava/lang/String;)Ljava/lang/Class; 889 1 120 13 0
ciMethod java/lang/Class forName0 (Ljava/lang/String;ZLjava/lang/ClassLoader;)Ljava/lang/Class; 2049 1 256 3 -1
ciMethod java/lang/Class newInstance ()Ljava/lang/Object; 945 1 410 0 0
ciMethod java/lang/Class checkMemberAccess (ILjava/lang/Class;Z)V 2057 1 1669 0 -1
ciMethod java/lang/Class getConstructor0 ([Ljava/lang/Class;I)Ljava/lang/reflect/Constructor; 2065 9 679 0 -1
ciMethod java/lang/ClassLoader loadClass (Ljava/lang/String;)Ljava/lang/Class; 2049 1 1860 11 -1
ciMethod java/lang/ClassLoader getSystemClassLoader ()Ljava/lang/ClassLoader; 169 1 58 0 0
ciMethod java/lang/ClassLoader initSystemClassLoader ()V 169 1 58 0 -1
ciMethod java/lang/ClassLoader getClassLoader (Ljava/lang/Class;)Ljava/lang/ClassLoader; 825 1 149 0 -1
ciMethod java/lang/ClassLoader checkClassLoaderPermission (Ljava/lang/ClassLoader;Ljava/lang/Class;)V 0 0 1 0 -1
ciMethod java/lang/System getSecurityManager ()Ljava/lang/SecurityManager; 3081 1 11455 0 -1
ciMethod java/lang/System arraycopy (Ljava/lang/Object;ILjava/lang/Object;II)V 28673 1 3584 0 -1
ciMethod java/util/Hashtable get (Ljava/lang/Object;)Ljava/lang/Object; 2065 409 2021 0 0
ciMethod java/util/Hashtable rehash ()V 161 7241 36 0 -1
ciMethod java/util/Hashtable addEntry (ILjava/lang/Object;Ljava/lang/Object;I)V 1993 1 750 0 -1
ciMethod java/util/Hashtable put (Ljava/lang/Object;Ljava/lang/Object;)Ljava/lang/Object; 2049 841 757 0 0
ciMethod java/lang/reflect/Constructor getModifiers ()I 1025 1 128 0 -1
ciMethod java/lang/reflect/Constructor newInstance ([Ljava/lang/Object;)Ljava/lang/Object; 2049 1 1331 0 -1
ciMethod java/lang/AbstractStringBuilder <init> (I)V 4097 1 18050 0 -1
ciMethod java/lang/AbstractStringBuilder ensureCapacityInternal (I)V 4097 1 93416 0 -1
ciMethod java/lang/AbstractStringBuilder expandCapacity (I)V 4097 1 3304 0 -1
ciMethod java/lang/AbstractStringBuilder append (Ljava/lang/String;)Ljava/lang/AbstractStringBuilder; 4097 1 5749 0 -1
ciMethod java/lang/AbstractStringBuilder appendNull ()Ljava/lang/AbstractStringBuilder; 0 0 1 0 -1
ciMethod java/lang/StringBuilder <init> ()V 4025 1 12296 0 192
ciMethod java/lang/StringBuilder append (Ljava/lang/Object;)Ljava/lang/StringBuilder; 1801 1 576 0 -1
ciMethod java/lang/StringBuilder append (Ljava/lang/String;)Ljava/lang/StringBuilder; 4097 1 23388 0 896
ciMethod java/lang/StringBuilder append (I)Ljava/lang/StringBuilder; 0 0 153 0 -1
ciMethod java/lang/StringBuilder toString ()Ljava/lang/String; 4033 1 14026 0 704
ciMethod sun/misc/Unsafe getUnsafe ()Lsun/misc/Unsafe; 137 1 17 0 -1
ciMethod sun/misc/Unsafe throwException (Ljava/lang/Throwable;)V 0 0 1 0 -1
ciMethod java/lang/Character isValidCodePoint (I)Z 0 0 1 0 -1
ciMethod java/lang/Character charCount (I)I 17 1 30274 0 0
ciMethod java/lang/Character codePointAtImpl ([CII)I 2049 1 6985 0 -1
ciMethod java/lang/Character highSurrogate (I)C 0 0 1 0 -1
ciMethod java/lang/Character lowSurrogate (I)C 0 0 1 0 -1
ciMethod java/lang/Character toChars (I[CI)I 0 0 1 0 -1
ciMethod java/lang/Character toChars (I)[C 0 0 1 0 -1
ciMethod java/lang/Character isLetter (C)Z 2049 1 375 0 0
ciMethod java/lang/Character isLetter (I)Z 2049 1 375 0 0
ciMethod java/lang/Character isLetterOrDigit (C)Z 2057 1 1160 0 0
ciMethod java/lang/Character isLetterOrDigit (I)Z 2057 1 1160 0 0
ciMethod java/lang/Character toLowerCase (C)C 4097 1 10658 0 0
ciMethod java/lang/Character toLowerCase (I)I 4097 1 26994 0 0
ciMethod java/lang/Character toUpperCase (C)C 2097 1 7404 0 0
ciMethod java/lang/Character toUpperCase (I)I 2097 1 7406 0 0
ciMethod java/lang/Character getType (I)I 2057 1 1637 0 0
ciMethod java/lang/Integer parseInt (Ljava/lang/String;)I 0 0 102 0 -1
ciMethod java/lang/NullPointerException <init> ()V 0 0 1 0 -1
ciMethod java/lang/NullPointerException <init> (Ljava/lang/String;)V 0 0 1 0 -1
ciMethod java/security/AccessController doPrivileged (Ljava/security/PrivilegedAction;)Ljava/lang/Object; 2049 1 256 0 -1
ciMethod java/util/Hashtable$Entry <init> (ILjava/lang/Object;Ljava/lang/Object;Ljava/util/Hashtable$Entry;)V 3073 1 755 0 -1
ciMethod java/lang/Math min (II)I 4097 1 29923 0 -1
ciMethod java/lang/Math min (FF)F 2057 1 594 0 -1
ciMethod sun/reflect/Reflection getCallerClass ()Ljava/lang/Class; 2049 1 256 0 -1
ciMethod sun/reflect/Reflection quickCheckMemberAccess (Ljava/lang/Class;I)Z 2073 1 1905 0 -1
ciMethod sun/reflect/Reflection ensureMemberAccess (Ljava/lang/Class;Ljava/lang/Class;Ljava/lang/Object;I)V 153 1 19 0 -1
ciMethod sun/security/action/GetPropertyAction <init> (Ljava/lang/String;Ljava/lang/String;)V 97 1 12 0 0
ciMethod java/util/Arrays copyOfRange ([CII)[C 4097 1 5695 0 512
ciMethod java/lang/Class$1 <init> (Ljava/lang/Class;Ljava/lang/reflect/Constructor;)V 617 1 82 0 -1
ciMethodData java/lang/Object <init> ()V 2 140309 orig 144 152 11 3 107 0 0 0 0 112 4 250 17 0 0 0 0 168 0 0 0 0 0 0 0 0 0 0 0 0 0 0 0 0 0 0 0 0 0 0 0 0 0 0 0 0 0 0 0 0 0 0 0 0 0 0 0 0 0 0 0 0 0 0 0 1 0 0 0 0 0 0 0 1 0 0 0 0 0 0 0 1 0 0 0 0 0 0 0 0 0 0 0 0 0 0 0 0 2 0 0 169 16 17 0 1 0 0 0 0 0 0 0 0 0 0 0 0 0 3 0 3 0 0 0 0 0 0 0 255 255 255 255 0 0 0 0 0 0 0 0 0 0 0 0 data 0 oops 0
ciMethod java/net/URLStreamHandlerFactory createURLStreamHandler (Ljava/lang/String;)Ljava/net/URLStreamHandler; 0 0 1 0 -1
ciMethod java/util/StringTokenizer setMaxDelimCodePoint ()V 1121 5505 140 0 0
ciMethod java/util/StringTokenizer <init> (Ljava/lang/String;Ljava/lang/String;Z)V 1121 1 140 0 0
ciMethod java/util/StringTokenizer <init> (Ljava/lang/String;Ljava/lang/String;)V 25 1 3 0 0
ciMethod java/util/StringTokenizer skipDelimiters (I)I 2049 1377 4416 0 0
ciMethod java/util/StringTokenizer scanToken (I)I 1049 23921 769 0 -1
ciMethod java/util/StringTokenizer isDelimiter (I)Z 0 0 1 0 0
ciMethod java/util/StringTokenizer hasMoreTokens ()Z 2049 1 3928 0 0
ciMethod java/util/StringTokenizer nextToken ()Ljava/lang/String; 2145 1 3793 0 0
ciMethodData java/lang/String charAt (I)C 2 273981 orig 144 152 11 3 107 0 0 0 0 200 59 250 17 0 0 0 0 0 1 0 0 32 0 0 0 0 0 0 0 0 0 0 0 0 0 0 0 0 0 0 0 0 0 0 0 0 0 0 0 0 0 0 0 0 0 0 0 0 0 0 0 0 0 0 0 25 0 0 0 0 0 0 0 0 0 0 0 0 0 0 0 1 0 0 0 0 0 0 0 0 0 0 0 0 0 0 0 0 2 0 0 233 97 33 0 1 0 0 0 0 0 0 0 0 0 0 0 0 0 0 0 4 0 1 0 80 0 0 0 255 255 255 255 0 0 0 0 7 0 1 0 0 0 0 0 data 10 0x10007 0x0 0x40 0x42c3d 0xa0007 0x42c3d 0x30 0x0 0x120002 0x0 oops 0
ciMethod java/util/Locale getDefault ()Ljava/util/Locale; 2073 1 3386 0 0
ciMethod java/util/Locale getLanguage ()Ljava/lang/String; 193 1 592 0 -1
ciMethod java/lang/CharacterData getType (I)I 0 0 1 0 -1
ciMethod java/lang/CharacterData toLowerCase (I)I 0 0 1 0 -1
ciMethod java/lang/CharacterData toUpperCase (I)I 0 0 1 0 -1
ciMethod java/lang/CharacterData of (I)Ljava/lang/CharacterData; 4097 1 5733 0 160
ciMethod java/lang/CharacterDataLatin1 getProperties (I)I 4097 1 21151 0 0
ciMethod java/lang/CharacterDataLatin1 getType (I)I 2057 1 1637 0 0
ciMethod java/lang/CharacterDataLatin1 toLowerCase (I)I 4097 1 5693 0 128
ciMethod java/lang/CharacterDataLatin1 toUpperCase (I)I 2097 1 5398 0 160
ciMethodData java/lang/Character toLowerCase (I)I 2 26994 orig 144 152 11 3 107 0 0 0 0 200 255 1 18 0 0 0 0 232 0 0 0 0 0 0 0 0 0 0 0 0 0 0 0 0 0 0 0 0 0 0 0 0 0 0 0 0 0 0 0 0 0 0 0 0 0 0 0 0 0 0 0 0 0 0 0 25 0 0 0 0 0 0 0 0 0 0 0 0 0 0 0 0 0 0 0 0 0 0 0 0 0 0 0 0 0 0 0 0 2 0 0 145 59 3 0 1 0 0 0 0 0 0 0 0 0 0 0 0 0 3 0 3 0 1 0 64 0 0 0 255 255 255 255 0 0 0 0 2 0 1 0 0 0 0 0 data 8 0x10002 0x6772 0x50005 0x0 0x13d02aa0 0x6772 0x0 0x0 oops 1 4 java/lang/CharacterDataLatin1
ciMethodData java/lang/CharacterData of (I)Ljava/lang/CharacterData; 2 5733 orig 144 152 11 3 107 0 0 0 0 248 36 19 18 0 0 0 0 248 1 0 0 0 0 0 0 0 0 0 0 0 0 0 0 0 0 0 0 0 0 0 0 0 0 0 0 0 0 0 0 0 0 0 0 0 0 0 0 0 0 0 0 0 0 0 0 0 0 0 0 0 0 0 0 0 0 0 0 0 0 0 0 0 0 0 0 0 0 0 0 0 0 0 0 0 0 0 0 0 2 0 0 41 163 0 0 1 0 0 0 0 0 0 0 0 0 0 0 0 0 13 0 4 0 1 0 80 1 0 0 255 255 255 255 0 0 0 0 7 0 4 0 0 0 0 0 data 42 0x40007 0x0 0x20 0x1465 0xf0008 0x24 0x0 0x130 0x0 0x130 0x0 0x130 0x0 0x130 0x0 0x130 0x0 0x130 0x0 0x130 0x0 0x130 0x0 0x130 0x0 0x130 0x0 0x130 0x0 0x130 0x0 0x130 0x0 0x130 0x0 0x130 0x0 0x130 0x0 0x130 0x0 0x130 oops 0
ciMethodData java/lang/CharacterDataLatin1 toLowerCase (I)I 2 5693 orig 144 152 11 3 107 0 0 0 0 24 51 19 18 0 0 0 0 32 1 0 0 0 0 0 0 0 0 0 0 0 0 0 0 0 0 0 0 0 0 0 0 0 0 0 0 0 0 0 0 0 0 0 0 0 0 0 0 0 0 0 0 0 0 0 0 0 0 0 0 0 0 0 0 0 0 0 0 0 0 0 0 0 0 0 0 0 0 0 0 0 0 0 0 0 0 0 0 0 2 0 0 233 161 0 0 1 0 0 0 0 0 0 0 0 0 0 0 0 0 8 0 4 0 1 0 112 0 0 0 255 255 255 255 0 0 0 0 5 0 4 0 0 0 0 0 data 14 0x40005 0x0 0x13d02aa0 0x143d 0x0 0x0 0xc0007 0x1276 0x40 0x1c7 0x150007 0x0 0x20 0x1c7 oops 1 2 java/lang/CharacterDataLatin1
ciMethodData java/lang/CharacterDataLatin1 getProperties (I)I 2 21151 orig 144 152 11 3 107 0 0 0 0 152 43 19 18 0 0 0 0 176 0 0 0 0 0 0 0 0 0 0 0 0 0 0 0 0 0 0 0 0 0 0 0 0 0 0 0 0 0 0 0 0 0 0 0 0 0 0 0 0 0 0 0 0 0 0 0 0 0 0 0 0 0 0 0 0 0 0 0 0 0 0 0 0 0 0 0 0 0 0 0 0 0 0 0 0 0 0 0 0 2 0 0 249 132 2 0 1 0 0 0 0 0 0 0 0 0 0 0 0 0 3 0 3 0 0 0 0 0 0 0 255 255 255 255 0 0 0 0 0 0 0 0 0 0 0 0 data 0 oops 0
ciMethod sun/net/www/ParseUtil <init> ()V 2049 1 1131 0 0
ciMethod sun/net/www/ParseUtil canonizeString (Ljava/lang/String;)Ljava/lang/String; 2049 1 1131 0 0
ciMethod java/net/URL <init> (Ljava/lang/String;)V 2049 1 376 0 -1
ciMethod java/net/URL <init> (Ljava/net/URL;Ljava/lang/String;Ljava/net/URLStreamHandler;)V 1049 24921 2179 0 -1
ciMethod java/net/URL isValidProtocol (Ljava/lang/String;)Z 1 1 374 0 0
ciMethod java/net/URL checkSpecifyHandler (Ljava/lang/SecurityManager;)V 0 0 1 0 -1
ciMethod java/net/URL getQuery ()Ljava/lang/String; 1057 1 132 0 -1
ciMethod java/net/URL getPath ()Ljava/lang/String; 1113 1 139 0 -1
ciMethod java/net/URL getUserInfo ()Ljava/lang/String; 1049 1 131 0 -1
ciMethod java/net/URL getAuthority ()Ljava/lang/String; 1113 1 139 0 -1
ciMethod java/net/URL getPort ()I 1025 1 128 0 -1
ciMethod java/net/URL getProtocol ()Ljava/lang/String; 1025 1 128 0 -1
ciMethod java/net/URL getHost ()Ljava/lang/String; 1025 1 128 0 -1
ciMethod java/net/URL getFile ()Ljava/lang/String; 1049 1 131 0 0
ciMethod java/net/URL getRef ()Ljava/lang/String; 1057 1 132 0 -1
ciMethod java/net/URL getURLStreamHandler (Ljava/lang/String;)Ljava/net/URLStreamHandler; 1257 9 575 0 0
ciMethod sun/net/www/protocol/file/Handler parseURL (Ljava/net/URL;Ljava/lang/String;II)V 2217 1 1055 0 0
ciMethod java/net/URLStreamHandler parseURL (Ljava/net/URL;Ljava/lang/String;II)V 2217 1 1049 0 0
ciMethod java/net/URLStreamHandler setURL (Ljava/net/URL;Ljava/lang/String;Ljava/lang/String;ILjava/lang/String;Ljava/lang/String;Ljava/lang/String;Ljava/lang/String;Ljava/lang/String;)V 2217 1 2186 0 -1
ciMethod java/net/URLStreamHandler setURL (Ljava/net/URL;Ljava/lang/String;Ljava/lang/String;ILjava/lang/String;Ljava/lang/String;)V 2049 1 1131 0 0
ciMethod sun/net/www/protocol/jar/Handler indexOfBangSlash (Ljava/lang/String;)I 2049 1 1131 0 0
ciMethod sun/net/www/protocol/jar/Handler parseURL (Ljava/net/URL;Ljava/lang/String;II)V 2049 1 1131 0 0
ciMethod sun/net/www/protocol/jar/Handler parseAbsoluteSpec (Ljava/lang/String;)Ljava/lang/String; 0 0 1 0 0
ciMethod sun/net/www/protocol/jar/Handler parseContextSpec (Ljava/net/URL;Ljava/lang/String;)Ljava/lang/String; 2049 1 1131 0 0
ciMethodData java/lang/AbstractStringBuilder ensureCapacityInternal (I)V 2 93416 orig 144 152 11 3 107 0 0 0 0 176 198 0 18 0 0 0 0 0 1 0 0 0 0 0 0 0 0 0 0 0 0 0 0 0 0 0 0 0 0 0 0 0 0 0 0 0 0 0 0 0 0 0 0 0 0 0 0 0 0 0 0 0 0 0 0 0 0 0 0 0 0 0 0 0 0 0 0 0 0 0 0 0 0 0 0 0 0 0 0 0 0 0 0 0 0 0 0 0 2 0 0 65 87 11 0 1 0 0 0 0 0 0 0 0 0 0 0 0 0 0 0 4 0 1 0 80 0 0 0 255 255 255 255 0 0 0 0 7 0 7 0 0 0 0 0 data 10 0x70007 0x15e4a 0x50 0xc9e 0xc0005 0x0 0x25fa300 0x2eb 0x25fa250 0x9b3 oops 2 6 java/lang/StringBuilder 8 java/lang/AbstractStringBuilder
ciMethodData java/lang/String length ()I 2 49653 orig 144 152 11 3 107 0 0 0 0 136 58 250 17 0 0 0 0 168 0 0 0 0 0 0 0 0 0 0 0 0 0 0 0 0 0 0 0 0 0 0 0 0 0 0 0 0 0 0 0 0 0 0 0 0 0 0 0 0 0 0 0 0 0 0 0 1 0 0 0 0 0 0 0 0 0 0 0 0 0 0 0 1 0 0 0 0 0 0 0 0 0 0 0 0 0 0 0 0 2 0 0 169 255 5 0 1 0 0 0 0 0 0 0 0 0 0 0 0 0 3 0 3 0 0 0 0 0 0 0 255 255 255 255 0 0 0 0 0 0 0 0 0 0 0 0 data 0 oops 0
ciMethodData java/util/Arrays copyOfRange ([CII)[C 2 5695 orig 144 152 11 3 107 0 0 0 0 8 118 11 18 0 0 0 0 216 1 0 0 240 0 0 0 0 0 0 0 0 0 0 0 0 0 0 0 0 0 0 0 0 0 0 0 0 0 0 0 0 0 0 0 0 0 0 0 0 0 0 0 0 0 0 0 29 0 0 0 0 0 0 0 0 0 0 0 0 0 0 0 0 0 0 0 0 0 0 0 0 0 0 0 0 0 0 0 0 2 0 0 249 161 0 0 1 0 0 0 0 0 0 0 0 0 0 0 0 0 9 0 4 0 1 0 32 1 0 0 255 255 255 255 0 0 0 0 7 0 5 0 0 0 0 0 data 36 0x50007 0x143f 0x100 0x0 0x100002 0x0 0x140005 0x0 0x0 0x0 0x0 0x0 0x190005 0x0 0x0 0x0 0x0 0x0 0x1d0005 0x0 0x0 0x0 0x0 0x0 0x200005 0x0 0x0 0x0 0x0 0x0 0x230002 0x0 0x360002 0x143f 0x390002 0x143f oops 0
ciMethodData java/lang/String <init> ([CII)V 2 5696 orig 144 152 11 3 107 0 0 0 0 104 48 250 17 0 0 0 0 112 1 0 0 144 0 0 0 0 0 0 0 0 0 0 0 0 0 0 0 0 0 0 0 0 0 0 0 0 0 0 0 0 0 0 0 0 0 0 0 0 0 0 0 0 0 0 0 0 0 0 0 0 0 0 0 0 0 0 0 0 0 0 0 0 0 0 0 0 0 0 0 0 0 0 0 0 0 0 0 0 2 0 0 1 162 0 0 1 0 0 0 0 0 0 0 0 0 0 0 0 0 9 0 4 0 1 0 176 0 0 0 255 255 255 255 0 0 0 0 2 0 1 0 0 0 0 0 data 22 0x10002 0x1440 0x50007 0x1440 0x30 0x0 0xd0002 0x0 0x120007 0x1440 0x30 0x0 0x1a0002 0x0 0x230007 0x1440 0x30 0x0 0x2d0002 0x0 0x370002 0x1440 oops 0
ciMethodData java/lang/String indexOf (II)I 2 59497 orig 144 152 11 3 107 0 0 0 0 96 78 250 17 0 0 0 0 152 1 0 0 184 0 0 0 0 0 0 0 0 0 0 0 0 0 0 0 0 0 0 0 0 0 0 0 0 0 0 0 0 0 0 0 0 0 0 0 0 0 0 0 0 0 0 0 0 0 0 0 0 0 0 0 0 0 0 0 0 0 0 0 0 0 0 0 0 0 0 0 0 0 0 0 0 0 0 0 0 36 0 0 113 34 0 0 73 35 6 0 0 0 0 0 0 0 0 0 1 0 15 0 4 4 1 0 224 0 0 0 255 255 255 255 0 0 0 0 7 0 7 0 0 0 0 0 data 28 0x70007 0x44e 0x38 0x0 0xc0003 0x0 0x38 0x110007 0x3a2 0x20 0xac 0x190007 0x0 0x78 0x3a2 0x280007 0x2d6 0x58 0xc4fc 0x310007 0xc430 0x20 0xcc 0x3a0003 0xc430 0xffffffffffffffc0 0x420002 0x0 oops 0
ciMethodData java/lang/String getChars (II[CI)V 2 5720 orig 144 152 11 3 107 0 0 0 0 232 63 250 17 0 0 0 0 104 1 0 0 128 0 0 0 0 0 0 0 0 0 0 0 0 0 0 0 0 0 0 0 0 0 0 0 0 0 0 0 0 0 0 0 0 0 0 0 0 0 0 0 0 0 0 0 25 0 0 0 0 0 0 0 0 0 0 0 0 0 0 0 1 0 0 0 0 0 0 0 0 0 0 0 0 0 0 0 0 2 0 0 193 162 0 0 1 0 0 0 0 0 0 0 0 0 0 0 0 0 9 0 4 0 1 0 160 0 0 0 255 255 255 255 0 0 0 0 7 0 1 0 0 0 0 0 data 20 0x10007 0x1458 0x30 0x0 0x90002 0x0 0x130007 0x1458 0x30 0x0 0x1b0002 0x0 0x210007 0x1458 0x30 0x0 0x2b0002 0x0 0x3a0002 0x1458 oops 0
ciMethodData java/lang/StringBuilder append (Ljava/lang/String;)Ljava/lang/StringBuilder; 2 24937 orig 144 152 11 3 107 0 0 0 0 48 1 1 18 0 0 0 0 192 0 0 0 0 0 0 0 0 0 0 0 0 0 0 0 0 0 0 0 0 0 0 0 0 0 0 0 0 0 0 0 0 0 0 0 0 0 0 0 0 0 0 0 0 0 0 0 0 0 0 0 0 0 0 0 0 0 0 0 0 0 0 0 0 0 0 0 0 0 0 0 0 0 0 0 0 0 0 0 0 2 0 0 73 251 2 0 1 0 0 0 0 0 0 0 0 0 0 0 0 0 3 0 4 0 1 0 16 0 0 0 255 255 255 255 0 0 0 0 2 0 2 0 0 0 0 0 data 2 0x20002 0x5f69 oops 0
ciMethodData java/lang/AbstractStringBuilder append (Ljava/lang/String;)Ljava/lang/AbstractStringBuilder; 2 5749 orig 144 152 11 3 107 0 0 0 0 0 207 0 18 0 0 0 0 80 1 0 0 32 0 0 0 0 0 0 0 0 0 0 0 0 0 0 0 0 0 0 0 0 0 0 0 0 0 0 0 0 0 0 0 0 0 0 0 0 0 0 0 0 0 0 0 0 0 0 0 0 0 0 0 0 0 0 0 0 0 0 0 0 0 0 0 0 0 0 0 0 0 0 0 0 0 0 0 0 2 0 0 169 163 0 0 1 0 0 0 0 0 0 0 0 0 0 0 0 0 9 0 4 0 1 0 160 0 0 0 255 255 255 255 0 0 0 0 7 0 1 0 0 0 0 0 data 20 0x10007 0x1475 0x30 0x0 0x50002 0x0 0xa0005 0x20e 0x26b8cf0 0x1267 0x0 0x0 0x150002 0x1475 0x230005 0x20e 0x26b8cf0 0x1267 0x0 0x0 oops 2 8 java/lang/String 16 java/lang/String
ciMethodData java/lang/AbstractStringBuilder expandCapacity (I)V 2 3304 orig 144 152 11 3 107 0 0 0 0 112 199 0 18 0 0 0 0 48 1 0 0 96 0 0 0 0 0 0 0 0 0 0 0 0 0 0 0 0 0 0 0 0 0 0 0 0 0 0 0 0 0 0 0 0 0 0 0 0 0 0 0 0 0 0 0 25 0 0 0 0 0 0 0 0 0 0 0 0 0 0 0 1 0 0 0 0 0 0 0 0 0 0 0 0 0 0 0 0 2 0 0 65 87 0 0 1 0 0 0 0 0 0 0 0 0 0 0 0 0 16 0 3 0 1 0 128 0 0 0 255 255 255 255 0 0 0 0 7 0 13 0 0 0 0 0 data 16 0xd0007 0x523 0x20 0x5c5 0x130007 0xae8 0x50 0x0 0x170007 0x0 0x30 0x0 0x1e0002 0x0 0x2b0002 0xae8 oops 0
ciMethodData java/lang/String indexOf (I)I 2 16337 orig 144 152 11 3 107 0 0 0 0 144 77 250 17 0 0 0 0 224 0 0 0 0 0 0 0 0 0 0 0 0 0 0 0 0 0 0 0 0 0 0 0 0 0 0 0 0 0 0 0 0 0 0 0 0 0 0 0 0 0 0 0 0 0 0 0 0 0 0 0 0 0 0 0 0 0 0 0 0 0 0 0 0 0 0 0 0 0 0 0 0 0 0 0 0 0 0 0 0 2 0 0 137 238 1 0 1 0 0 0 0 0 0 0 0 0 0 0 0 0 3 0 4 0 1 0 48 0 0 0 255 255 255 255 0 0 0 0 5 0 3 0 0 0 0 0 data 6 0x30005 0x106 0x26b8cf0 0x3ccb 0x0 0x0 oops 1 2 java/lang/String
ciMethodData java/lang/Character toLowerCase (C)C 2 10660 orig 144 152 11 3 107 0 0 0 0 48 255 1 18 0 0 0 0 184 0 0 0 0 0 0 0 0 0 0 0 0 0 0 0 0 0 0 0 0 0 0 0 0 0 0 0 0 0 0 0 0 0 0 0 0 0 0 0 0 0 0 0 0 0 0 0 0 0 0 0 0 0 0 0 0 0 0 0 0 0 0 0 0 0 0 0 0 0 0 0 0 0 0 0 0 0 0 0 0 2 0 0 33 61 1 0 1 0 0 0 0 0 0 0 0 0 0 0 0 0 3 0 3 0 1 0 16 0 0 0 255 255 255 255 0 0 0 0 2 0 1 0 0 0 0 0 data 2 0x10002 0x27a4 oops 0
ciMethodData java/lang/String indexOfSupplementary (II)I 1 0 orig 144 152 11 3 107 0 0 0 0 48 79 250 17 0 0 0 0 128 1 0 0 64 0 0 0 0 0 0 0 0 0 0 0 0 0 0 0 0 0 0 0 0 0 0 0 0 0 0 0 0 0 0 0 0 0 0 0 0 0 0 0 0 0 0 0 0 0 0 0 0 0 0 0 0 0 0 0 0 0 0 0 0 0 0 0 0 0 0 0 0 0 0 0 0 0 0 0 0 0 0 0 1 0 0 0 1 0 0 0 0 0 0 0 0 0 0 0 0 0 0 0 0 0 1 0 200 0 0 0 255 255 255 255 0 0 0 0 2 0 1 0 0 0 0 0 data 25 0x10002 0x0 0x40007 0x0 0xb8 0x0 0xd0002 0x0 0x130002 0x0 0x250007 0x0 0x78 0x0 0x2e0007 0x0 0x40 0x0 0x390007 0x0 0x20 0x0 0x420003 0x0 0xffffffffffffffa0 oops 0
ciMethodData java/lang/AbstractStringBuilder appendNull ()Ljava/lang/AbstractStringBuilder; 1 0 orig 144 152 11 3 107 0 0 0 0 0 210 0 18 0 0 0 0 184 0 0 0 0 0 0 0 0 0 0 0 0 0 0 0 0 0 0 0 0 0 0 0 0 0 0 0 0 0 0 0 0 0 0 0 0 0 0 0 0 0 0 0 0 0 0 0 0 0 0 0 0 0 0 0 0 0 0 0 0 0 0 0 0 0 0 0 0 0 0 0 0 0 0 0 0 0 0 0 0 0 0 0 1 0 0 0 1 0 0 0 0 0 0 0 0 0 0 0 0 0 0 0 0 0 1 0 16 0 0 0 255 255 255 255 0 0 0 0 2 0 9 0 0 0 0 0 data 2 0x90002 0x0 oops 0
ciMethodData java/lang/String lastIndexOf (II)I 2 46630 orig 144 152 11 3 107 0 0 0 0 136 80 250 17 0 0 0 0 80 1 0 0 32 0 0 0 0 0 0 0 0 0 0 0 0 0 0 0 0 0 0 0 0 0 0 0 0 0 0 0 0 0 0 0 0 0 0 0 0 0 0 0 0 0 0 0 0 0 0 0 0 0 0 0 0 0 0 0 0 0 0 0 0 0 0 0 0 0 0 0 0 0 0 0 0 0 0 0 65 52 0 0 137 23 0 0 41 15 4 0 0 0 0 0 0 0 0 0 1 0 14 0 4 0 1 0 152 0 0 0 255 255 255 255 0 0 0 0 7 0 3 0 0 0 0 0 data 19 0x30007 0x0 0x88 0x2f1 0x100002 0x2f1 0x170007 0xbe 0x58 0x8418 0x1f0007 0x81e5 0x20 0x233 0x280003 0x81e5 0xffffffffffffffc0 0x300002 0x0 oops 0
ciMethodData java/lang/String lastIndexOfSupplementary (II)I 1 0 orig 144 152 11 3 107 0 0 0 0 88 81 250 17 0 0 0 0 144 1 0 0 80 0 0 0 0 0 0 0 0 0 0 0 0 0 0 0 0 0 0 0 0 0 0 0 0 0 0 0 0 0 0 0 0 0 0 0 0 0 0 0 0 0 0 0 0 0 0 0 0 0 0 0 0 0 0 0 0 0 0 0 0 0 0 0 0 0 0 0 0 0 0 0 0 0 0 0 0 0 0 0 1 0 0 0 1 0 0 0 0 0 0 0 0 0 0 0 0 0 0 0 0 0 1 0 216 0 0 0 255 255 255 255 0 0 0 0 2 0 1 0 0 0 0 0 data 27 0x10002 0x0 0x40007 0x0 0xc8 0x0 0xd0002 0x0 0x130002 0x0 0x1d0002 0x0 0x240007 0x0 0x78 0x0 0x2d0007 0x0 0x40 0x0 0x380007 0x0 0x20 0x0 0x410003 0x0 0xffffffffffffffa0 oops 0
ciMethodData java/lang/String toLowerCase (Ljava/util/Locale;)Ljava/lang/String; 2 20104 orig 144 152 11 3 107 0 0 0 0 120 100 250 17 0 0 0 0 208 5 0 0 48 2 0 0 0 0 0 0 0 0 0 0 0 0 0 0 0 0 0 0 0 0 0 0 0 0 0 0 0 0 0 0 0 0 0 0 0 0 0 0 0 0 0 0 0 0 0 0 0 0 0 0 0 0 0 0 0 0 0 0 0 0 0 0 0 0 0 0 0 0 0 0 0 0 0 0 48 8 0 0 17 50 0 0 193 50 2 0 0 0 0 0 0 0 0 0 3 0 67 0 4 0 1 0 0 5 0 0 255 255 255 255 0 0 0 0 7 0 1 0 0 0 0 0 data 160 0x10007 0x642 0x30 0x0 0x80002 0x0 0x160007 0x57f 0x160 0xcc3 0x250007 0xcc3 0xe0 0x0 0x2c0007 0x0 0xc0 0x0 0x310005 0x0 0x0 0x0 0x0 0x0 0x3a0002 0x0 0x3d0007 0x0 0x38 0x0 0x400003 0x0 0xa0 0x460002 0x0 0x4b0003 0x0 0x60 0x520002 0xcc3 0x550007 0xc00 0x38 0xc3 0x580003 0xc3 0x30 0x5e0003 0xc00 0xfffffffffffffeb8 0x740002 0xc3 0x780005 0x3 0x14696da0 0xc0 0x0 0x0 0x810007 0x0 0x60 0xc3 0x880007 0x0 0x40 0xc3 0x8f0007 0xc3 0x38 0x0 0x930003 0x0 0x18 0x9f0007 0xc3 0x2a8 0x3a58 0xb00007 0x3a58 0x98 0x0 0xb80007 0x0 0x78 0x0 0xbe0005 0x0 0x0 0x0 0x0 0x0 0xc50002 0x0 0xca0003 0x0 0x18 0xd20007 0x0 0x40 0x3a58 0xda0007 0x3a58 0x48 0x0 0xe10002 0x0 0xe60003 0x0 0x28 0xeb0002 0x3a58 0xf30007 0x0 0x40 0x3a58 0xfa0007 0x3a58 0x140 0x0 0x1000007 0x0 0x48 0x0 0x1070002 0x0 0x10c0003 0x0 0x70 0x1120007 0x0 0x48 0x0 0x1200002 0x0 0x1290003 0x0 0xa8 0x12e0002 0x0 0x13c0007 0x0 0x30 0x0 0x1570002 0x0 0x1650007 0x0 0x38 0x0 0x17b0003 0x0 0xffffffffffffffe0 0x1880003 0x0 0x18 0x19d0003 0x3a58 0xfffffffffffffd70 0x1ab0002 0xc3 oops 1 54 java/util/Locale
ciMethodData java/lang/String codePointAt (I)I 2 6985 orig 144 152 11 3 107 0 0 0 0 120 60 250 17 0 0 0 0 16 1 0 0 64 0 0 0 0 0 0 0 0 0 0 0 0 0 0 0 0 0 0 0 0 0 0 0 0 0 0 0 0 0 0 0 0 0 0 0 0 0 0 0 0 0 0 0 25 0 0 0 0 0 0 0 0 0 0 0 0 0 0 0 1 0 0 0 0 0 0 0 0 0 0 0 0 0 0 0 0 0 0 0 73 218 0 0 1 0 0 0 0 0 0 0 0 0 0 0 0 0 8 0 4 0 1 0 96 0 0 0 255 255 255 255 0 0 0 0 7 0 1 0 0 0 0 0 data 12 0x10007 0x0 0x40 0x1b49 0xa0007 0x1b49 0x30 0x0 0x120002 0x0 0x200002 0x1b49 oops 0
ciMethodData java/lang/Character charCount (I)I 2 30274 orig 144 152 11 3 107 0 0 0 0 72 223 1 18 0 0 0 0 224 0 0 0 0 0 0 0 0 0 0 0 0 0 0 0 0 0 0 0 0 0 0 0 0 0 0 0 0 0 0 0 0 0 0 0 0 0 0 0 0 0 0 0 0 0 0 0 25 0 0 0 0 0 0 0 0 0 0 0 0 0 0 0 0 0 0 0 0 0 0 0 0 0 0 0 0 0 0 0 2 0 0 0 1 178 3 0 1 0 0 0 0 0 0 0 0 0 0 0 0 0 6 0 3 0 1 0 56 0 0 0 255 255 255 255 0 0 0 0 7 0 3 0 0 0 0 0 data 7 0x30007 0x7640 0x38 0x0 0x70003 0x0 0x18 oops 0
ciMethodData java/lang/String substring (II)Ljava/lang/String; 2 7989 orig 144 152 11 3 107 0 0 0 0 248 88 250 17 0 0 0 0 176 1 0 0 208 0 0 0 0 0 0 0 0 0 0 0 0 0 0 0 0 0 0 0 0 0 0 0 0 0 0 0 0 0 0 0 0 0 0 0 0 0 0 0 0 0 0 0 25 0 0 0 0 0 0 0 0 0 0 0 0 0 0 0 0 0 0 0 0 0 0 0 0 0 0 0 0 0 0 0 97 1 0 0 161 238 0 0 1 0 0 0 0 0 0 0 0 0 0 0 0 0 15 0 4 0 1 0 248 0 0 0 255 255 255 255 0 0 0 0 7 0 1 0 0 0 0 0 data 31 0x10007 0x1dd4 0x30 0x0 0x90002 0x0 0x130007 0x1dd4 0x30 0x0 0x1b0002 0x0 0x240007 0x1dd4 0x30 0x0 0x2c0002 0x0 0x310007 0x11df 0x58 0xbf5 0x3a0007 0x841 0x38 0x3b4 0x3e0003 0x3b4 0x28 0x4b0002 0x1a20 oops 0
ciMethodData java/lang/String startsWith (Ljava/lang/String;I)Z 2 11403 orig 144 152 11 3 107 0 0 0 0 16 75 250 17 0 0 0 0 56 1 0 0 32 0 0 0 0 0 0 0 0 0 0 0 0 0 0 0 0 0 0 0 0 0 0 0 0 0 0 0 0 0 0 0 0 0 0 0 0 0 0 0 0 0 0 0 0 0 0 0 0 0 0 0 0 0 0 0 0 0 0 0 0 0 0 0 0 0 0 0 0 0 0 0 0 0 0 0 128 1 0 0 209 168 0 0 137 97 1 0 0 0 0 0 0 0 0 0 1 0 13 0 4 0 1 0 128 0 0 0 255 255 255 255 0 0 0 0 7 0 25 0 0 0 0 0 data 16 0x190007 0x2 0x40 0x1518 0x250007 0x14a5 0x20 0x73 0x2f0007 0x289 0x40 0x2c31 0x410007 0x1a15 0xffffffffffffffe0 0x121c oops 0
ciMethodData java/lang/String startsWith (Ljava/lang/String;)Z 2 16509 orig 144 152 11 3 107 0 0 0 0 160 75 250 17 0 0 0 0 224 0 0 0 0 0 0 0 0 0 0 0 0 0 0 0 0 0 0 0 0 0 0 0 0 0 0 0 0 0 0 0 0 0 0 0 0 0 0 0 0 0 0 0 0 0 0 0 0 0 0 0 0 0 0 0 0 0 0 0 0 0 0 0 0 0 0 0 0 0 0 0 0 0 0 0 0 0 0 0 0 1 0 0 233 251 1 0 1 0 0 0 0 0 0 0 0 0 0 0 0 0 3 0 4 0 1 0 48 0 0 0 255 255 255 255 0 0 0 0 5 0 3 0 0 0 0 0 data 6 0x30005 0x0 0x26b8cf0 0x3f7d 0x0 0x0 oops 1 2 java/lang/String
ciMethodData java/lang/String toLowerCase ()Ljava/lang/String; 2 3360 orig 144 152 11 3 107 0 0 0 0 8 101 250 17 0 0 0 0 232 0 0 0 0 0 0 0 0 0 0 0 0 0 0 0 0 0 0 0 0 0 0 0 0 0 0 0 0 0 0 0 0 0 0 0 0 0 0 0 0 0 0 0 0 0 0 0 0 0 0 0 0 0 0 0 0 0 0 0 0 0 0 0 0 0 0 0 0 0 0 0 0 0 0 0 0 0 0 0 3 1 0 0 233 96 0 0 1 0 0 0 0 0 0 0 0 0 0 0 0 0 3 0 3 0 1 0 64 0 0 0 255 255 255 255 0 0 0 0 2 0 1 0 0 0 0 0 data 8 0x10002 0xc1d 0x40005 0x3 0x26b8cf0 0xc1a 0x0 0x0 oops 1 4 java/lang/String
ciMethodData java/util/Locale getDefault ()Ljava/util/Locale; 2 3386 orig 144 152 11 3 107 0 0 0 0 112 59 17 18 0 0 0 0 160 0 0 0 0 0 0 0 0 0 0 0 0 0 0 0 0 0 0 0 0 0 0 0 0 0 0 0 0 0 0 0 0 0 0 0 0 0 0 0 0 0 0 0 0 0 0 0 0 0 0 0 0 0 0 0 0 0 0 0 0 0 0 0 0 0 0 0 0 0 0 0 0 0 0 0 0 0 0 0 3 1 0 0 185 97 0 0 1 0 0 0 0 0 0 0 0 0 0 0 0 0 3 0 3 0 0 0 0 0 0 0 255 255 255 255 0 0 0 0 0 0 0 0 0 0 0 0 data 0 oops 0
ciMethodData java/util/StringTokenizer scanToken (I)I 2 20486 orig 144 152 11 3 107 0 0 0 0 184 201 15 18 0 0 0 0 48 4 0 0 208 2 0 0 0 0 0 0 0 0 0 0 0 0 0 0 0 0 0 0 0 0 0 0 0 0 0 0 0 0 0 0 0 0 0 0 0 0 0 0 0 0 0 0 0 0 0 0 0 0 0 0 0 0 0 0 0 0 0 0 0 0 0 0 0 0 0 0 0 0 0 0 0 0 0 0 174 11 0 0 241 19 0 0 193 34 2 0 0 0 0 0 0 0 0 0 3 0 67 0 4 0 1 0 120 3 0 0 255 255 255 255 0 0 0 0 7 0 7 0 0 0 0 0 data 111 0x70007 0x7e 0x1d0 0x4658 0xe0007 0x0 0xf0 0x4658 0x160005 0x0 0x26b8cf0 0x4658 0x0 0x0 0x1f0007 0x4458 0x88 0x200 0x270005 0x0 0x26b8cf0 0x200 0x0 0x0 0x2a0007 0x0 0x38 0x200 0x2d0003 0x200 0xf0 0x330003 0x4458 0xffffffffffffff08 0x3b0005 0x0 0x0 0x0 0x0 0x0 0x440007 0x0 0x68 0x0 0x490002 0x0 0x4c0007 0x0 0x38 0x0 0x4f0003 0x0 0x40 0x540002 0x0 0x590003 0x0 0xfffffffffffffe48 0x600007 0x27e 0x1a8 0x0 0x650007 0x0 0x188 0x0 0x6c0007 0x0 0xd8 0x0 0x740005 0x0 0x0 0x0 0x0 0x0 0x7d0007 0x0 0x70 0x0 0x850005 0x0 0x0 0x0 0x0 0x0 0x880007 0x0 0x20 0x0 0x8e0003 0x0 0xa8 0x960005 0x0 0x0 0x0 0x0 0x0 0x9f0007 0x0 0x60 0x0 0xa40002 0x0 0xa70007 0x0 0x30 0x0 0xac0002 0x0 oops 2 10 java/lang/String 20 java/lang/String
ciMethodData java/util/StringTokenizer isDelimiter (I)Z 1 0 orig 144 152 11 3 107 0 0 0 0 96 202 15 18 0 0 0 0 8 1 0 0 32 0 0 0 0 0 0 0 0 0 0 0 0 0 0 0 0 0 0 0 0 0 0 0 0 0 0 0 0 0 0 0 0 0 0 0 0 0 0 0 0 0 0 0 0 0 0 0 0 0 0 0 0 0 0 0 0 0 0 0 0 0 0 0 0 0 0 0 0 0 0 0 0 0 0 0 0 0 0 0 1 0 0 0 1 0 0 0 0 0 0 0 0 0 0 0 0 0 0 0 0 0 1 0 88 0 0 0 255 255 255 255 0 0 0 0 7 0 8 0 0 0 0 0 data 11 0x80007 0x0 0x58 0x0 0x120007 0x0 0x20 0x0 0x1a0003 0x0 0xffffffffffffffc0 oops 0
ciMethodData java/lang/String replace (CC)Ljava/lang/String; 2 38724 orig 144 152 11 3 107 0 0 0 0 72 91 250 17 0 0 0 0 16 2 0 0 184 0 0 0 0 0 0 0 0 0 0 0 0 0 0 0 0 0 0 0 0 0 0 0 0 0 0 0 0 0 0 0 0 0 0 0 0 0 0 0 0 0 0 0 0 0 0 0 0 0 0 0 0 0 0 0 0 0 0 0 0 0 0 0 0 0 0 0 0 0 0 0 0 0 0 0 58 20 0 0 9 24 0 0 73 23 4 0 0 0 0 0 0 0 0 0 3 0 23 0 4 0 1 0 80 1 0 0 255 255 255 255 0 0 0 0 7 0 2 0 0 0 0 0 data 42 0x20007 0x0 0x150 0x301 0x1a0007 0x1ad 0x58 0x3523 0x230007 0x33cf 0xffffffffffffffe0 0x154 0x260003 0x154 0x18 0x2c0007 0x1ad 0xd8 0x154 0x3b0007 0x154 0x38 0x22d 0x4b0003 0x22d 0xffffffffffffffe0 0x510007 0x154 0x70 0x4b9a 0x620007 0x446a 0x38 0x730 0x660003 0x730 0x18 0x6f0003 0x4b9a 0xffffffffffffffa8 0x790002 0x154 oops 0
ciMethodData java/util/StringTokenizer skipDelimiters (I)I 2 4416 orig 144 152 11 3 107 0 0 0 0 120 200 15 18 0 0 0 0 208 2 0 0 32 0 0 0 0 0 0 0 0 0 0 0 0 0 0 0 0 0 0 0 0 0 0 0 0 0 0 0 0 0 0 0 0 0 0 0 0 0 0 0 0 0 0 0 0 0 0 0 0 0 0 0 0 0 0 0 0 0 0 0 0 0 0 0 0 0 0 0 0 0 0 0 0 0 0 0 0 1 0 0 1 130 0 0 209 121 0 0 0 0 0 0 0 0 0 0 2 0 37 0 3 0 1 0 32 2 0 0 255 255 255 255 0 0 0 0 7 0 4 0 0 0 0 0 data 68 0x40007 0x1040 0x30 0x0 0xb0002 0x0 0x150007 0x0 0x1f0 0x1f7a 0x1d0007 0x70 0x1d0 0x1f0a 0x240007 0x0 0xf0 0x1f0a 0x2c0005 0x0 0x26b8cf0 0x1f0a 0x0 0x0 0x350007 0xfcf 0x160 0xf3b 0x3d0005 0x0 0x26b8cf0 0xf3b 0x0 0x0 0x400007 0xf3a 0x38 0x1 0x430003 0x1 0xf0 0x490003 0xf3a 0xfffffffffffffee8 0x510005 0x0 0x0 0x0 0x0 0x0 0x5a0007 0x0 0x90 0x0 0x5f0002 0x0 0x620007 0x0 0x38 0x0 0x650003 0x0 0x40 0x6a0002 0x0 0x6f0003 0x0 0xfffffffffffffe28 oops 2 20 java/lang/String 30 java/lang/String
ciMethodData java/net/URL <init> (Ljava/net/URL;Ljava/lang/String;Ljava/net/URLStreamHandler;)V 2 18174 orig 144 152 11 3 107 0 0 0 0 128 26 20 18 0 0 0 0 152 9 0 0 224 7 0 0 0 0 0 0 0 0 0 0 0 0 0 0 0 0 0 0 0 0 0 0 0 0 0 0 0 0 0 0 0 0 0 0 0 0 0 0 0 0 0 0 0 0 0 0 0 0 0 0 0 0 0 0 0 0 0 0 0 0 0 0 0 0 0 0 0 0 0 0 0 0 0 0 43 12 0 0 1 64 0 0 153 214 1 0 0 0 0 0 0 0 0 0 3 0 102 0 3 0 1 0 184 8 0 0 255 255 255 255 0 0 0 0 2 0 1 0 0 0 0 0 data 279 0x10002 0x800 0x1e0007 0x800 0x60 0x0 0x210002 0x0 0x280007 0x0 0x30 0x0 0x2e0002 0x0 0x320005 0x4d 0x26b8cf0 0x7b3 0x0 0x0 0x390007 0x0 0x88 0x800 0x410005 0x4d 0x26b8cf0 0x7b3 0x0 0x0 0x460007 0x800 0x38 0x0 0x4c0003 0x0 0xffffffffffffff90 0x530007 0x0 0x88 0x800 0x590005 0x4d 0x26b8cf0 0x7b3 0x0 0x0 0x5e0007 0x800 0x38 0x0 0x640003 0x0 0xffffffffffffff90 0x6f0005 0x4d 0x26b8cf0 0x7b3 0x0 0x0 0x720007 0x800 0x20 0x0 0x7b0005 0x4d 0x26b8cf0 0x7b3 0x0 0x0 0x7e0007 0x0 0x70 0x800 0x840005 0x4d 0x26b8cf0 0x7b3 0x0 0x0 0x890007 0x800 0x20 0x0 0x950007 0x0 0x170 0x42d3 0x9c0007 0x1b6 0x150 0x411d 0xa20005 0x30c 0x26b8cf0 0x3e11 0x0 0x0 0xaa0007 0x4d4 0x100 0x3c49 0xb10007 0x3ad3 0xc8 0x176 0xb90005 0xc 0x26b8cf0 0x16a 0x0 0x0 0xbc0005 0xc 0x26b8cf0 0x16a 0x0 0x0 0xc40002 0x176 0xc70007 0x0 0x50 0x176 0xd40003 0x176 0x30 0xda0003 0x3ad3 0xfffffffffffffea8 0xe40007 0x176 0x140 0x68a 0xe90007 0x68a 0x70 0x0 0xf20005 0x0 0x0 0x0 0x0 0x0 0xf50007 0x0 0xd0 0x0 0xf90007 0x0 0x20 0x68a 0x1050007 0x0 0x70 0x68a 0x10e0005 0x41 0x26b8cf0 0x649 0x0 0x0 0x1110007 0x46a 0x20 0x220 0x1190007 0x0 0x20 0x68a 0x15b0007 0x800 0xd0 0x0 0x1660002 0x0 0x16b0005 0x0 0x0 0x0 0x0 0x0 0x1700005 0x0 0x0 0x0 0x0 0x0 0x1730005 0x0 0x0 0x0 0x0 0x0 0x1760002 0x0 0x17b0007 0x68a 0x100 0x176 0x1820002 0x176 0x1870007 0x176 0xd0 0x0 0x1920002 0x0 0x1970005 0x0 0x0 0x0 0x0 0x0 0x19e0005 0x0 0x0 0x0 0x0 0x0 0x1a10005 0x0 0x0 0x0 0x0 0x0 0x1a40002 0x0 0x1b20005 0x4d 0x26b8cf0 0x7b3 0x0 0x0 0x1b90007 0x800 0x50 0x0 0x1c40005 0x0 0x0 0x0 0x0 0x0 0x1d00007 0x176 0x60 0x68a 0x1d70007 0x68a 0x40 0x0 0x1e60007 0x0 0x20 0x0 0x1f80005 0x0 0x1400d170 0x396 0x1400d220 0x46a 0x1fb0003 0x800 0x88 0x20b0005 0x0 0x0 0x0 0x0 0x0 0x20e0002 0x0 0x2170005 0x0 0x0 0x0 0x0 0x0 oops 13 16 java/lang/String 26 java/lang/String 43 java/lang/String 56 java/lang/String 66 java/lang/String 76 java/lang/String 94 java/lang/String 108 java/lang/String 114 java/lang/String 158 java/lang/String 230 java/lang/String 258 sun/net/www/protocol/file/Handler 260 sun/net/www/protocol/jar/Handler
ciMethodData java/lang/Character toUpperCase (I)I 2 7406 orig 144 152 11 3 107 0 0 0 0 240 0 2 18 0 0 0 0 232 0 0 0 0 0 0 0 0 0 0 0 0 0 0 0 0 0 0 0 0 0 0 0 0 0 0 0 0 0 0 0 0 0 0 0 0 0 0 0 0 0 0 0 0 0 0 0 0 0 0 0 0 0 0 0 0 0 0 0 0 0 0 0 0 0 0 0 0 0 0 0 0 0 0 0 0 0 0 0 6 1 0 0 65 223 0 0 1 0 0 0 0 0 0 0 0 0 0 0 0 0 3 0 3 0 1 0 64 0 0 0 255 255 255 255 0 0 0 0 2 0 1 0 0 0 0 0 data 8 0x10002 0x1be8 0x50005 0x0 0x13d02aa0 0x1be8 0x0 0x0 oops 1 4 java/lang/CharacterDataLatin1
ciMethodData java/lang/Character toUpperCase (C)C 2 7406 orig 144 152 11 3 107 0 0 0 0 88 0 2 18 0 0 0 0 184 0 0 0 0 0 0 0 0 0 0 0 0 0 0 0 0 0 0 0 0 0 0 0 0 0 0 0 0 0 0 0 0 0 0 0 0 0 0 0 0 0 0 0 0 0 0 0 0 0 0 0 0 0 0 0 0 0 0 0 0 0 0 0 0 0 0 0 0 0 0 0 0 0 0 0 0 0 0 0 6 1 0 0 65 223 0 0 1 0 0 0 0 0 0 0 0 0 0 0 0 0 3 0 3 0 1 0 16 0 0 0 255 255 255 255 0 0 0 0 2 0 1 0 0 0 0 0 data 2 0x10002 0x1be8 oops 0
ciMethodData java/lang/CharacterDataLatin1 toUpperCase (I)I 2 5398 orig 144 152 11 3 107 0 0 0 0 216 51 19 18 0 0 0 0 88 1 0 0 112 0 0 0 0 0 0 0 0 0 0 0 0 0 0 0 0 0 0 0 0 0 0 0 0 0 0 0 0 0 0 0 0 0 0 0 0 0 0 0 0 0 0 0 0 0 0 0 0 0 0 0 0 0 0 0 0 0 0 0 0 0 0 0 0 0 0 0 0 0 0 0 0 0 0 0 6 1 0 0 129 160 0 0 1 0 0 0 0 0 0 0 0 0 0 0 0 0 10 0 4 0 1 0 168 0 0 0 255 255 255 255 0 0 0 0 5 0 4 0 0 0 0 0 data 21 0x40005 0x0 0x13d02aa0 0x1410 0x0 0x0 0xc0007 0x2d3 0x78 0x113d 0x150007 0x0 0x38 0x113d 0x250003 0x113d 0x38 0x2c0007 0x0 0x20 0x0 oops 1 2 java/lang/CharacterDataLatin1
ciMethodData java/lang/String regionMatches (ZILjava/lang/String;II)Z 2 3739 orig 144 152 11 3 107 0 0 0 0 64 74 250 17 0 0 0 0 128 2 0 0 96 0 0 0 0 0 0 0 0 0 0 0 0 0 0 0 0 0 0 0 0 0 0 0 0 0 0 0 0 0 0 0 0 0 0 0 0 0 0 0 0 0 0 0 0 0 0 0 0 0 0 0 0 0 0 0 0 0 0 0 0 0 0 0 0 0 0 0 0 0 0 0 0 0 0 0 136 0 0 0 153 112 0 0 49 61 0 0 0 0 0 0 0 0 0 0 1 0 24 0 3 0 1 0 168 1 0 0 255 255 255 255 0 0 0 0 7 0 21 0 0 0 0 0 data 53 0x150007 0x0 0x80 0xe13 0x190007 0x0 0x60 0xe13 0x290007 0x66 0x40 0xdad 0x3a0007 0xd9f 0x20 0xe 0x440007 0x181 0x128 0x13c4 0x5f0007 0xc1e 0x38 0x7a6 0x620003 0x7a6 0xffffffffffffffc0 0x660007 0x0 0xd0 0xc1e 0x6b0002 0xc1e 0x720002 0xc1e 0x7b0007 0xc1e 0x38 0x0 0x7e0003 0x0 0xffffffffffffff48 0x830002 0xc1e 0x880002 0xc1e 0x8b0007 0xc1e 0x38 0x0 0x8e0003 0x0 0xfffffffffffffef0 oops 0
ciMethodData java/net/URL isValidProtocol (Ljava/lang/String;)Z 1 1124 orig 144 152 11 3 107 0 0 0 0 88 27 20 18 0 0 0 0 88 2 0 0 144 0 0 0 0 0 0 0 0 0 0 0 0 0 0 0 0 0 0 0 0 0 0 0 0 0 0 0 0 0 0 0 0 0 0 0 0 0 0 0 0 0 0 0 0 0 0 0 0 0 0 0 0 0 0 0 0 0 0 0 0 0 0 0 0 0 0 0 0 0 0 0 0 0 0 0 0 0 0 0 185 11 0 0 33 35 0 0 0 0 0 0 0 0 0 0 1 0 39 0 3 0 1 0 168 1 0 0 255 255 255 255 0 0 0 0 5 0 1 0 0 0 0 0 data 53 0x10005 0x103 0x26b8cf0 0x74 0x0 0x0 0x70007 0x177 0x20 0x0 0xe0005 0x103 0x26b8cf0 0x74 0x0 0x0 0x130002 0x177 0x160007 0x177 0x20 0x0 0x210007 0x177 0xf8 0x465 0x270005 0x309 0x26b8cf0 0x15c 0x0 0x0 0x2c0002 0x465 0x2f0007 0x465 0x80 0x0 0x350007 0x0 0x60 0x0 0x3b0007 0x0 0x40 0x0 0x410007 0x0 0x20 0x0 0x490003 0x465 0xffffffffffffff20 oops 3 2 java/lang/String 12 java/lang/String 28 java/lang/String
ciMethodData java/lang/String equalsIgnoreCase (Ljava/lang/String;)Z 2 4864 orig 144 152 11 3 107 0 0 0 0 200 70 250 17 0 0 0 0 144 1 0 0 32 0 0 0 0 0 0 0 0 0 0 0 0 0 0 0 0 0 0 0 0 0 0 0 0 0 0 0 0 0 0 0 0 0 0 0 0 0 0 0 0 0 0 0 0 0 0 0 0 0 0 0 0 0 0 0 0 0 0 0 0 0 0 0 0 0 0 0 0 0 0 0 0 0 0 0 0 0 0 0 1 152 0 0 1 0 0 0 0 0 0 0 0 0 0 0 0 0 13 0 3 0 1 0 224 0 0 0 255 255 255 255 0 0 0 0 7 0 2 0 0 0 0 0 data 28 0x20007 0xfec 0x38 0x314 0x60003 0x314 0xc0 0xa0007 0x312 0xa8 0xcda 0x170007 0x6c1 0x88 0x619 0x240005 0x44 0x26b8cf0 0x5d5 0x0 0x0 0x270007 0x49b 0x38 0x17e 0x2b0003 0x17e 0x18 oops 1 17 java/lang/String
ciMethodData java/net/URL getURLStreamHandler (Ljava/lang/String;)Ljava/net/URLStreamHandler; 1 577 orig 144 152 11 3 107 0 0 0 0 136 45 20 18 0 0 0 0 232 7 0 0 232 6 0 0 0 0 0 0 0 0 0 0 0 0 0 0 0 0 0 0 0 0 0 0 0 0 0 0 0 0 0 0 0 0 0 0 0 0 0 0 0 0 0 0 0 0 0 0 0 0 0 0 0 0 0 0 0 0 0 0 0 0 0 0 0 0 0 0 0 0 0 0 0 0 0 0 157 0 0 0 33 13 0 0 9 0 0 0 0 0 0 0 0 0 0 0 2 0 86 0 3 0 1 0 48 7 0 0 255 255 255 255 0 0 0 0 5 0 4 0 0 0 0 0 data 230 0x40005 0x0 0x26b9fa0 0x1a4 0x0 0x0 0x70104 0x0 0x1400d170 0x18b 0x1400d220 0x18 0xc0007 0x1a3 0x6d0 0x1 0x140007 0x1 0x50 0x0 0x1b0005 0x0 0x0 0x0 0x0 0x0 0x240007 0x0 0x4e8 0x1 0x310002 0x1 0x340002 0x1 0x370004 0x0 0x26b8cf0 0x1 0x0 0x0 0x3e0007 0x1 0xc0 0x0 0x450002 0x0 0x490005 0x0 0x0 0x0 0x0 0x0 0x4e0005 0x0 0x0 0x0 0x0 0x0 0x510005 0x0 0x0 0x0 0x0 0x0 0x590002 0x1 0x5d0005 0x1 0x0 0x0 0x0 0x0 0x620005 0x1 0x0 0x0 0x0 0x0 0x650005 0x1 0x0 0x0 0x0 0x0 0x700002 0x1 0x760007 0x1 0x308 0x1 0x7b0005 0x0 0x1436c7c0 0x1 0x0 0x0 0x7e0007 0x0 0x2b8 0x1 0x830005 0x0 0x1436c7c0 0x1 0x0 0x0 0x860005 0x1 0x0 0x0 0x0 0x0 0x8f0002 0x1 0x940005 0x1 0x0 0x0 0x0 0x0 0x990005 0x1 0x0 0x0 0x0 0x0 0x9d0005 0x1 0x0 0x0 0x0 0x0 0xa20005 0x1 0x0 0x0 0x0 0x0 0xa50005 0x1 0x0 0x0 0x0 0x0 0xaf0002 0x1 0xb40003 0x1 0x78 0xb90002 0x0 0xc00007 0x0 0x50 0x0 0xc70005 0x0 0x0 0x0 0x0 0x0 0xce0007 0x0 0x80 0x1 0xd30005 0x1 0x0 0x0 0x0 0x0 0xd60004 0x0 0x1400d220 0x1 0x0 0x0 0xda0003 0x1 0x18 0xdf0003 0x1 0xfffffffffffffd10 0xef0005 0x0 0x26b9fa0 0x1 0x0 0x0 0xf20104 0x0 0x0 0x0 0x0 0x0 0xf90007 0x1 0x20 0x0 0x1020007 0x0 0x70 0x1 0x1080007 0x1 0x50 0x0 0x10f0005 0x0 0x0 0x0 0x0 0x0 0x1180007 0x1 0x20 0x0 0x11f0007 0x0 0x50 0x1 0x1270005 0x0 0x26b9fa0 0x1 0x0 0x0 0x12d0003 0x1 0x18 oops 9 2 java/util/Hashtable 8 sun/net/www/protocol/file/Handler 10 sun/net/www/protocol/jar/Handler 36 java/lang/String 92 java/util/StringTokenizer 102 java/util/StringTokenizer 173 sun/net/www/protocol/jar/Handler 185 java/util/Hashtable 223 java/util/Hashtable
ciMethodData java/lang/String substring (I)Ljava/lang/String; 2 2749 orig 144 152 11 3 107 0 0 0 0 32 88 250 17 0 0 0 0 88 1 0 0 128 0 0 0 0 0 0 0 0 0 0 0 0 0 0 0 0 0 0 0 0 0 0 0 0 0 0 0 0 0 0 0 0 0 0 0 0 0 0 0 0 0 0 0 0 0 0 0 0 0 0 0 0 0 0 0 0 0 0 0 0 0 0 0 0 0 0 0 0 0 0 0 0 0 0 0 167 0 0 0 177 80 0 0 1 0 0 0 0 0 0 0 0 0 0 0 0 0 10 0 3 0 1 0 168 0 0 0 255 255 255 255 0 0 0 0 7 0 1 0 0 0 0 0 data 21 0x10007 0xa16 0x30 0x0 0x90002 0x0 0x160007 0xa16 0x30 0x0 0x1e0002 0x0 0x230007 0x98d 0x38 0x89 0x270003 0x89 0x28 0x340002 0x98d oops 0
ciMethodData java/util/StringTokenizer hasMoreTokens ()Z 2 3928 orig 144 152 11 3 107 0 0 0 0 8 203 15 18 0 0 0 0 240 0 0 0 0 0 0 0 0 0 0 0 0 0 0 0 0 0 0 0 0 0 0 0 0 0 0 0 0 0 0 0 0 0 0 0 0 0 0 0 0 0 0 0 0 0 0 0 0 0 0 0 0 0 0 0 0 0 0 0 0 0 0 0 0 0 0 0 0 0 0 0 0 0 0 0 0 0 0 0 0 1 0 0 193 114 0 0 1 0 0 0 0 0 0 0 0 0 0 0 0 0 6 0 3 0 1 0 72 0 0 0 255 255 255 255 0 0 0 0 2 0 6 0 0 0 0 0 data 9 0x60002 0xe58 0x140007 0x58 0x38 0xe00 0x180003 0xe00 0x18 oops 0
ciMethodData java/util/StringTokenizer nextToken ()Ljava/lang/String; 2 3793 orig 144 152 11 3 107 0 0 0 0 240 203 15 18 0 0 0 0 128 1 0 0 136 0 0 0 0 0 0 0 0 0 0 0 0 0 0 0 0 0 0 0 0 0 0 0 0 0 0 0 0 0 0 0 0 0 0 0 0 0 0 0 0 0 0 0 0 0 0 0 0 0 0 0 0 0 0 0 0 0 0 0 0 0 0 0 0 0 0 0 0 0 0 0 0 0 0 0 11 1 0 0 41 110 0 0 1 0 0 0 0 0 0 0 0 0 0 0 0 0 11 0 3 0 1 0 216 0 0 0 255 255 255 255 0 0 0 0 7 0 5 0 0 0 0 0 data 27 0x50007 0x0 0x58 0xdc5 0xc0007 0x0 0x38 0xdc5 0x130003 0xdc5 0x28 0x1b0002 0x0 0x330007 0xdc5 0x30 0x0 0x3a0002 0x0 0x490002 0xdc5 0x580005 0xc 0x26b8cf0 0xdb9 0x0 0x0 oops 1 23 java/lang/String
ciMethodData sun/net/www/protocol/file/Handler parseURL (Ljava/net/URL;Ljava/lang/String;II)V 1 1055 orig 144 152 11 3 107 0 0 0 0 104 75 20 18 0 0 0 0 8 1 0 0 0 0 0 0 0 0 0 0 0 0 0 0 0 0 0 0 0 0 0 0 0 0 0 0 0 0 0 0 0 0 0 0 0 0 0 0 0 0 0 0 0 0 0 0 0 0 0 0 0 0 0 0 0 0 0 0 0 0 0 0 0 0 0 0 0 0 0 0 0 0 0 0 0 0 0 0 21 1 0 0 81 24 0 0 1 0 0 0 0 0 0 0 0 0 0 0 0 0 3 0 3 0 1 0 64 0 0 0 255 255 255 255 0 0 0 0 5 0 8 0 0 0 0 0 data 8 0x80005 0x0 0x26b8cf0 0x30a 0x0 0x0 0xe0002 0x30a oops 1 2 java/lang/String
ciMethodData java/net/URLStreamHandler parseURL (Ljava/net/URL;Ljava/lang/String;II)V 1 1090 orig 144 152 11 3 107 0 0 0 0 184 94 20 18 0 0 0 0 104 27 0 0 0 26 0 0 0 0 0 0 0 0 0 0 0 0 0 0 0 0 0 0 0 0 0 0 0 0 0 0 0 0 0 0 0 0 0 0 0 0 0 0 0 0 0 0 0 0 0 0 0 0 0 0 0 0 0 0 0 0 0 0 0 0 0 0 0 0 0 0 0 0 0 0 0 0 0 0 21 1 0 0 105 25 0 0 89 0 0 0 0 0 0 0 0 0 0 0 3 0 187 0 3 0 1 0 96 26 0 0 255 255 255 255 0 0 0 0 5 0 1 0 0 0 0 0 data 844 0x10005 0x14 0x1400c520 0x319 0x0 0x0 0x70005 0x14 0x1400c520 0x319 0x0 0x0 0xd0005 0x14 0x1400c520 0x319 0x0 0x0 0x130005 0x14 0x1400c520 0x319 0x0 0x0 0x190005 0x14 0x1400c520 0x319 0x0 0x0 0x1f0005 0x14 0x1400c520 0x319 0x0 0x0 0x250005 0x14 0x1400c520 0x319 0x0 0x0 0x2b0005 0x14 0x1400c520 0x319 0x0 0x0 0x390007 0x0 0x148 0x32d 0x3f0005 0x14 0x26b8cf0 0x319 0x0 0x0 0x470007 0x32d 0x38 0x0 0x4b0003 0x0 0x18 0x540007 0x32d 0xc0 0x0 0x5b0007 0x0 0xa0 0x0 0x650005 0x0 0x0 0x0 0x0 0x0 0x6e0007 0x0 0x20 0x0 0x790005 0x0 0x0 0x0 0x0 0x0 0x850007 0x67 0x178 0x2c6 0x8a0005 0x14 0x26b8cf0 0x2b2 0x0 0x0 0x8f0007 0x133 0x128 0x193 0x960005 0x1 0x26b8cf0 0x192 0x0 0x0 0x9b0007 0x193 0xd8 0x0 0xa20005 0x0 0x0 0x0 0x0 0x0 0xa70007 0x0 0x88 0x0 0xae0005 0x0 0x0 0x0 0x0 0x0 0xb30007 0x0 0x38 0x0 0xb70003 0x0 0x18 0xbf0007 0x0 0x9f0 0x32d 0xc70007 0x67 0x9d0 0x2c6 0xcc0005 0x14 0x26b8cf0 0x2b2 0x0 0x0 0xd10007 0x133 0x980 0x193 0xd80005 0x1 0x26b8cf0 0x192 0x0 0x0 0xdd0007 0x193 0x930 0x0 0xe70005 0x0 0x0 0x0 0x0 0x0 0xee0007 0x0 0x70 0x0 0xf50005 0x0 0x0 0x0 0x0 0x0 0xfc0007 0x0 0x20 0x0 0x1070005 0x0 0x0 0x0 0x0 0x0 0x1130005 0x0 0x0 0x0 0x0 0x0 0x11b0007 0x0 0x98 0x0 0x1230005 0x0 0x0 0x0 0x0 0x0 0x12e0005 0x0 0x0 0x0 0x0 0x0 0x1330003 0x0 0x18 0x13b0007 0x0 0x638 0x0 0x1400005 0x0 0x0 0x0 0x0 0x0 0x1430007 0x0 0x4c0 0x0 0x1490005 0x0 0x0 0x0 0x0 0x0 0x14e0007 0x0 0x470 0x0 0x1550005 0x0 0x0 0x0 0x0 0x0 0x15c0007 0x0 0x370 0x0 0x16a0005 0x0 0x0 0x0 0x0 0x0 0x1740005 0x0 0x0 0x0 0x0 0x0 0x1770002 0x0 0x17a0007 0x0 0xd0 0x0 0x1850002 0x0 0x18a0005 0x0 0x0 0x0 0x0 0x0 0x18f0005 0x0 0x0 0x0 0x0 0x0 0x1920005 0x0 0x0 0x0 0x0 0x0 0x1950002 0x0 0x19e0005 0x0 0x0 0x0 0x0 0x0 0x1a50007 0x0 0x1c8 0x0 0x1ae0005 0x0 0x0 0x0 0x0 0x0 0x1b30007 0x0 0xc8 0x0 0x1bb0005 0x0 0x0 0x0 0x0 0x0 0x1c20007 0x0 0x128 0x0 0x1cb0005 0x0 0x0 0x0 0x0 0x0 0x1ce0002 0x0 0x1d30003 0x0 0xc8 0x1de0002 0x0 0x1e30005 0x0 0x0 0x0 0x0 0x0 0x1e80005 0x0 0x0 0x0 0x0 0x0 0x1eb0005 0x0 0x0 0x0 0x0 0x0 0x1ee0002 0x0 0x1f20003 0x0 0x1f0 0x1fd0002 0x0 0x2020005 0x0 0x0 0x0 0x0 0x0 0x2070005 0x0 0x0 0x0 0x0 0x0 0x20a0005 0x0 0x0 0x0 0x0 0x0 0x20d0002 0x0 0x2150005 0x0 0x0 0x0 0x0 0x0 0x21f0007 0x0 0xf8 0x0 0x2240005 0x0 0x0 0x0 0x0 0x0 0x22b0007 0x0 0x60 0x0 0x2340005 0x0 0x0 0x0 0x0 0x0 0x2370002 0x0 0x2410005 0x0 0x0 0x0 0x0 0x0 0x2460003 0x0 0x18 0x2500007 0x0 0xd0 0x0 0x25b0002 0x0 0x2600005 0x0 0x0 0x0 0x0 0x0 0x2650005 0x0 0x0 0x0 0x0 0x0 0x2680005 0x0 0x0 0x0 0x0 0x0 0x26b0002 0x0 0x2740007 0x0 0x70 0x0 0x2790005 0x0 0x0 0x0 0x0 0x0 0x27c0007 0x0 0x20 0x0 0x2850007 0x19a 0x20 0x193 0x28f0007 0x0 0x400 0x32d 0x2940005 0x14 0x26b8cf0 0x319 0x0 0x0 0x2990007 0x199 0x68 0x194 0x2a00005 0x1 0x26b8cf0 0x193 0x0 0x0 0x2a50003 0x194 0x4c0 0x2aa0007 0x0 0x228 0x199 0x2af0005 0x13 0x26b8cf0 0x186 0x0 0x0 0x2b20007 0x0 0x1d8 0x199 0x2bc0005 0x13 0x26b8cf0 0x186 0x0 0x0 0x2c80007 0x199 0x40 0x0 0x2cd0007 0x0 0x20 0x0 0x2d80002 0x199 0x2e20005 0x13 0x26b8cf0 0x186 0x0 0x0 0x2e50005 0x13 0x25fa300 0x186 0x0 0x0 0x2ea0005 0x13 0x25fa300 0x186 0x0 0x0 0x2f10005 0x13 0x26b8cf0 0x186 0x0 0x0 0x2f40005 0x13 0x25fa300 0x186 0x0 0x0 0x2f70005 0x13 0x25fa300 0x186 0x0 0x0 0x2fc0003 0x199 0x298 0x3010007 0x0 0x38 0x0 0x3060003 0x0 0x18 0x3110002 0x0 0x3160005 0x0 0x0 0x0 0x0 0x0 0x31d0005 0x0 0x0 0x0 0x0 0x0 0x3200005 0x0 0x0 0x0 0x0 0x0 0x3230005 0x0 0x0 0x0 0x0 0x0 0x3280003 0x0 0x178 0x32d0007 0x0 0x160 0x0 0x3320007 0x0 0x140 0x0 0x3390005 0x0 0x0 0x0 0x0 0x0 0x3400007 0x0 0x20 0x0 0x34a0002 0x0 0x3520005 0x0 0x0 0x0 0x0 0x0 0x3550005 0x0 0x0 0x0 0x0 0x0 0x35a0005 0x0 0x0 0x0 0x0 0x0 0x35d0005 0x0 0x0 0x0 0x0 0x0 0x3640007 0x32d 0x20 0x0 0x36d0007 0x194 0x660 0x199 0x3740005 0x13 0x26b8cf0 0x186 0x0 0x0 0x37a0007 0x199 0x138 0x0 0x3810002 0x0 0x3890005 0x0 0x0 0x0 0x0 0x0 0x38c0005 0x0 0x0 0x0 0x0 0x0 0x3950005 0x0 0x0 0x0 0x0 0x0 0x3980005 0x0 0x0 0x0 0x0 0x0 0x39b0005 0x0 0x0 0x0 0x0 0x0 0x3a00003 0x0 0xfffffffffffffeb0 0x3ac0005 0x13 0x26b8cf0 0x191 0x0 0x0 0x3b20007 0x199 0x210 0xb 0x3b70007 0x0 0x1d8 0xb 0x3c20005 0x0 0x26b8cf0 0xb 0x0 0x0 0x3c80007 0x0 0x188 0xb 0x3d10005 0x0 0x26b8cf0 0xb 0x0 0x0 0x3d40007 0x0 0x138 0xb 0x3db0002 0xb 0x3e30005 0x0 0x26b8cf0 0xb 0x0 0x0 0x3e60005 0x0 0x25fa300 0xb 0x0 0x0 0x3ef0005 0x0 0x26b8cf0 0xb 0x0 0x0 0x3f20005 0x0 0x25fa300 0xb 0x0 0x0 0x3f50005 0x0 0x25fa300 0xb 0x0 0x0 0x3fd0003 0xb 0xfffffffffffffdf0 0x4060003 0x0 0xfffffffffffffdd8 0x40d0005 0x13 0x26b8cf0 0x186 0x0 0x0 0x4100007 0x199 0xe8 0x0 0x4170005 0x0 0x0 0x0 0x0 0x0 0x4240005 0x0 0x0 0x0 0x0 0x0 0x42a0007 0x0 0x68 0x0 0x4340005 0x0 0x0 0x0 0x0 0x0 0x4390003 0x0 0xffffffffffffff00 0x4400005 0x13 0x26b8cf0 0x186 0x0 0x0 0x4430007 0x199 0xa0 0x0 0x4480005 0x0 0x0 0x0 0x0 0x0 0x44c0007 0x0 0x50 0x0 0x4520005 0x0 0x0 0x0 0x0 0x0 0x45b0005 0x13 0x26b8cf0 0x186 0x0 0x0 0x45e0007 0x133 0x80 0x66 0x4660005 0x0 0x26b8cf0 0x66 0x0 0x0 0x46b0005 0x0 0x26b8cf0 0x66 0x0 0x0 0x4820005 0x0 0x1400c6b0 0x32d 0x0 0x0 oops 38 2 java/net/URL 8 java/net/URL 14 java/net/URL 20 java/net/URL 26 java/net/URL 32 java/net/URL 38 java/net/URL 44 java/net/URL 54 java/lang/String 95 java/lang/String 105 java/lang/String 146 java/lang/String 156 java/lang/String 464 java/lang/String 474 java/lang/String 487 java/lang/String 497 java/lang/String 513 java/lang/String 519 java/lang/StringBuilder 525 java/lang/StringBuilder 531 java/lang/String 537 java/lang/StringBuilder 543 java/lang/StringBuilder 640 java/lang/String 685 java/lang/String 699 java/lang/String 709 java/lang/String 721 java/lang/String 727 java/lang/StringBuilder 733 java/lang/String 739 java/lang/StringBuilder 745 java/lang/StringBuilder 757 java/lang/String 792 java/lang/String 818 java/lang/String 828 java/lang/String 834 java/lang/String 840 java/net/URLStreamHandler
ciMethodData java/util/Hashtable get (Ljava/lang/Object;)Ljava/lang/Object; 2 2071 orig 144 152 11 3 107 0 0 0 0 216 68 253 17 0 0 0 0 136 1 0 0 0 0 0 0 0 0 0 0 0 0 0 0 0 0 0 0 0 0 0 0 0 0 0 0 0 0 0 0 0 0 0 0 0 0 0 0 0 0 0 0 0 0 0 0 0 0 0 0 0 0 0 0 0 0 0 0 0 0 0 0 0 0 0 0 0 0 0 0 0 0 0 0 0 0 0 0 2 1 0 0 169 56 0 0 41 18 0 0 0 0 0 0 0 0 0 0 1 0 11 0 3 0 1 0 216 0 0 0 255 255 255 255 0 0 0 0 5 0 6 0 0 0 0 0 data 27 0x60005 0x0 0x26b8cf0 0x714 0x26b9df0 0x1 0x1b0007 0x3e5 0xa8 0x575 0x240007 0x245 0x70 0x330 0x2d0005 0x0 0x26b8cf0 0x330 0x0 0x0 0x300007 0x0 0x20 0x330 0x400003 0x245 0xffffffffffffff70 oops 3 2 java/lang/String 4 java/lang/Thread 16 java/lang/String
ciMethod java/lang/reflect/InvocationTargetException getTargetException ()Ljava/lang/Throwable; 0 0 1 0 -1
ciMethodData sun/security/action/GetPropertyAction <init> (Ljava/lang/String;Ljava/lang/String;)V 1 12 orig 144 152 11 3 107 0 0 0 0 248 247 10 18 0 0 0 0 200 0 0 0 0 0 0 0 0 0 0 0 0 0 0 0 0 0 0 0 0 0 0 0 0 0 0 0 0 0 0 0 0 0 0 0 0 0 0 0 0 0 0 0 0 0 0 0 0 0 0 0 0 0 0 0 0 0 0 0 0 0 0 0 0 0 0 0 0 0 0 0 0 0 0 0 0 0 0 0 12 0 0 0 1 0 0 0 1 0 0 0 0 0 0 0 0 0 0 0 0 0 0 0 0 0 1 0 16 0 0 0 255 255 255 255 0 0 0 0 2 0 1 0 0 0 0 0 data 2 0x10002 0x0 oops 0
ciMethodData java/lang/String trim ()Ljava/lang/String; 2 3584 orig 144 152 11 3 107 0 0 0 0 176 104 250 17 0 0 0 0 224 1 0 0 208 0 0 0 0 0 0 0 0 0 0 0 0 0 0 0 0 0 0 0 0 0 0 0 0 0 0 0 0 0 0 0 0 0 0 0 0 0 0 0 0 0 0 0 0 0 0 0 0 0 0 0 0 0 0 0 0 0 0 0 0 0 0 0 0 0 0 0 0 0 0 0 0 0 0 0 158 2 0 0 185 37 0 0 17 91 0 0 0 0 0 0 0 0 0 0 2 0 20 0 3 0 1 0 56 1 0 0 255 255 255 255 0 0 0 0 7 0 15 0 0 0 0 0 data 39 0xf0007 0x18a 0x58 0xe6a 0x170007 0x32d 0x38 0xb3d 0x1d0003 0xb3d 0xffffffffffffffc0 0x220007 0x18a 0x58 0x352 0x2c0007 0x32d 0x38 0x25 0x320003 0x25 0xffffffffffffffc0 0x360007 0x199 0x40 0x31e 0x3f0007 0x315 0x68 0x9 0x450005 0x6 0x26b8cf0 0x19c 0x0 0x0 0x480003 0x1a2 0x18 oops 1 32 java/lang/String
ciMethodData java/util/Hashtable put (Ljava/lang/Object;Ljava/lang/Object;)Ljava/lang/Object; 1 763 orig 144 152 11 3 107 0 0 0 0 208 71 253 17 0 0 0 0 216 1 0 0 48 0 0 0 0 0 0 0 0 0 0 0 0 0 0 0 0 0 0 0 0 0 0 0 0 0 0 0 0 0 0 0 0 0 0 0 0 0 0 0 0 0 0 0 0 0 0 0 0 0 0 0 0 0 0 0 0 0 0 0 0 0 0 0 0 0 0 0 0 0 0 0 0 0 0 0 0 1 0 0 217 15 0 0 129 6 0 0 0 0 0 0 0 0 0 0 1 0 13 0 3 0 1 0 24 1 0 0 255 255 255 255 0 0 0 0 7 0 1 0 0 0 0 0 data 35 0x10007 0x1fb 0x30 0x0 0x80002 0x0 0x120005 0x0 0x26b8cf0 0x1fa 0x26b9df0 0x1 0x290007 0x1fa 0xa8 0xd1 0x330007 0xd0 0x70 0x1 0x3c0005 0x0 0x26b8cf0 0x1 0x0 0x0 0x3f0007 0x0 0x20 0x1 0x590003 0xd0 0xffffffffffffff70 0x630002 0x1fa oops 3 8 java/lang/String 10 java/lang/Thread 22 java/lang/String
ciMethodData java/util/Hashtable addEntry (ILjava/lang/Object;Ljava/lang/Object;I)V 1 755 orig 144 152 11 3 107 0 0 0 0 216 70 253 17 0 0 0 0 144 1 0 0 80 0 0 0 0 0 0 0 0 0 0 0 0 0 0 0 0 0 0 0 0 0 0 0 0 0 0 0 0 0 0 0 0 0 0 0 0 0 0 0 0 0 0 0 0 0 0 0 0 0 0 0 0 0 0 0 0 0 0 0 0 0 0 0 0 0 0 0 0 0 0 0 0 0 0 0 249 0 0 0 209 15 0 0 1 0 0 0 0 0 0 0 0 0 0 0 0 0 6 0 3 0 1 0 192 0 0 0 255 255 255 255 0 0 0 0 7 0 24 0 0 0 0 0 data 24 0x180007 0x1e6 0x80 0x14 0x1c0005 0x0 0x26b9fa0 0x14 0x0 0x0 0x260005 0x0 0x26b8cf0 0x14 0x0 0x0 0x480002 0x1fa 0x4b0004 0x0 0x13cb9370 0x1fa 0x0 0x0 oops 3 6 java/util/Hashtable 12 java/lang/String 20 java/util/Hashtable$Entry
ciMethodData sun/net/www/protocol/jar/Handler parseURL (Ljava/net/URL;Ljava/lang/String;II)V 1 